Dec 15 15:44 : exception: Failed to open '/home/shuriken/.mpd/mpdstate': No such file or directory
Dec 15 15:44 : update: added Waterflame/Meltdown [Techno_Game Music]_yqIpaggHcx4.mp3
Dec 15 15:44 : update: added Waterflame/Deludebeats.mp3
Dec 15 15:44 : update: added Waterflame/Ricochet Love.mp3
Dec 15 15:44 : update: added Waterflame/The Race Around the World_0X2OpQAR4xY.mp3
Dec 15 15:44 : update: added Waterflame/Rocket Race_bM4eIpTSlyc.mp3
Dec 15 15:44 : update: added Arcane/Mike Shinoda, Emily Armstrong - “Heavy Is The Crown (Arcane Original Score)” [Official Visualizer] [gMpEkqbAdzI](1).mp3
Dec 15 15:44 : update: added Arcane/Twenty One Pilots - “The Line” (from Arcane Season 2) [Official Music Video] [E2Rj2gQAyPA].mp3
Dec 15 15:44 : update: added Arcane/Stray Kids, Young Miko, Tom Morello - _Come Play_ (from Arcane Season 2) [Official Visualizer] [3jf6xOg6e7Y].mp3
Dec 15 15:44 : update: added Arcane/Woodkid - “To Ashes and Blood” (from Arcane Season 2) [Official Visualizer] [Gj-jmBi0aK8].mp3
Dec 15 15:44 : update: added MetalGearRising/It Has To Be This Way.mp3
Dec 15 15:44 : update: added MetalGearRising/Rules of Nature.mp3
Dec 15 15:44 : update: added MetalGearRising/The Stains Of Time.mp3
Dec 15 15:44 : update: added MetalGearRising/A Stranger I Remain.mp3
Dec 15 15:44 : update: added MetalGearRising/Red Sun.mp3
Dec 15 15:44 : update: added MetalGearRising/The Only Thing I Know For Real.mp3
Dec 15 15:44 : update: added MetalGearRising/The Hot Wind Blowing.mp3
Dec 15 15:44 : update: added MetalGearRising/Collective Counsciousness.mp3
Dec 15 15:44 : update: added Undertale_Deltarune/Undertale OST - An Ending (128kbps).mp3
Dec 15 15:44 : update: added Undertale_Deltarune/Deltarune Chapter 2 OST 03 - My Castle Town (128kbps).mp3
Dec 15 15:44 : update: added Undertale_Deltarune/A CYBER_'S WORLD (128kbps).mp3
Dec 15 15:44 : update: added Undertale_Deltarune/Deltarune Chapter 2 OST 32 - Toby Fox & Lena Raine & Marcy Nabors - Attack of the Killer Queen (128kbps).mp3
Dec 15 15:44 : update: added Undertale_Deltarune/Undertale Ost 079 - Your Best Nightmare (128kbps).mp3
Dec 15 15:44 : update: added Undertale_Deltarune/Deltarune Chapter 2 OST 44 - You Can Always Come Home (128kbps).mp3
Dec 15 15:44 : update: added Undertale_Deltarune/Deltarune Chapter 2 OST 39 - BIG SHOT (128kbps).mp3
Dec 15 15:44 : update: added Undertale_Deltarune/Deltarune OST_ 30 - Chaos King (128kbps).mp3
Dec 15 15:44 : update: added Undertale_Deltarune/Undertale OST 080 - Finale (128kbps).mp3
Dec 15 15:44 : update: added Undertale_Deltarune/Deltarune OST_ 13 - Field of Hopes and Dreams (128kbps).mp3
Dec 15 15:44 : update: added Undertale_Deltarune/VS SUSIE - SMOOTHLY EXTENDED - Toby Fox (deltarune) (128kbps).mp3
Dec 15 15:44 : update: added Undertale_Deltarune/Deltarune Chapter 2 OST 11 - Toby Fox & Lena Raine - Cyber Battle (Solo) (128kbps).mp3
Dec 15 15:44 : update: added Undertale_Deltarune/Deltarune Chapter 2 OST 26 - Pandora Palace (128kbps).mp3
Dec 15 15:44 : update: added Devil May Cry/Bury the Light - Vergil_'s battle theme from Devil May Cry 5 Special Edition (128kbps).mp3
Dec 15 15:44 : update: added Devil May Cry/[Full Song_Official Lyrics] Devil Trigger - Nero_'s battle theme from Devil May Cry 5 (128kbps).mp3
Dec 15 15:44 : update: added /CrazyMilosh.mp3
Dec 15 15:44 : update: added Spooky/main-menu-2021.mp3
Dec 15 15:44 : update: added Spooky/the-end.mp3
Dec 15 15:44 : update: added Spooky/levelselect.mp3
Dec 15 15:44 : update: added Spooky/ad_machina.mp3
Dec 15 15:44 : update: added Spooky/POPGOES Arcade OST - In Its Code (256kbps).mp3
Dec 15 15:44 : update: added Spooky/The Joy Of Creation Collection_ Track 6 - Remnants of Joy (TJOC_SM) [All Themes] (256kbps).mp3
Dec 15 15:44 : update: added Spooky/aware.mp3
Dec 15 15:44 : update: added Spooky/my-sleep-music.mp3
Dec 15 15:44 : update: added Spooky/dreamscape.mp3
Dec 15 15:44 : update: added Spooky/Deep Ambience (FNAF 4) (128kbps).mp3
Dec 15 15:44 : update: added Spooky/The Joy Of Creation Freddy_'s Theme Soundtrack Tjoc ignited collection (official audio) (256kbps).mp3
Dec 15 15:44 : update: added Spooky/tealerencouner.mp3
Dec 15 15:44 : update: added Spooky/FNAC 3 Tape Music 10 Minutes (256kbps).mp3
Dec 15 15:44 : update: added Spooky/tealer-encounter.mp3
Dec 15 15:44 : update: added Spooky/Swallowed By The Void (128kbps).mp3
Dec 15 15:44 : update: added Spooky/Cold Presence B (Stereo) (128kbps).mp3
Dec 15 15:44 : update: added Spooky/dereliction.mp3
Dec 15 15:44 : update: added Spooky/custom-hour.mp3
Dec 15 15:44 : update: added Spooky/FNAF_ SB RUIN OST_ Golf Swamp_Gift Shop (256kbps).mp3
Dec 15 15:44 : update: added Spooky/the-deterrent.mp3
Dec 15 15:44 : update: added Spooky/Scary Ambience 3 (FNAF_ Sister Location) (128kbps).mp3
Dec 15 15:44 : update: added Spooky/Five Nights at Candy_'s 2 Main menu theme (Extended) (256kbps).mp3
Dec 15 15:44 : update: added Spooky/Sister Location OST Extended Venta Black (128kbps).mp3
Dec 15 15:44 : update: added Other/Waters of Megalovania (ORIGINAL) (128kbps).mp3
Dec 15 15:44 : update: added Other/【SimGretina ft. Kathy-chan★】Macabre Rotting Girl『Original Song』 [kQEKbvaARsI].mp3
Dec 15 15:44 : update: added Other/JoJo_'s Bizarre Adventure_ Steel Ball Run OST_ Diego Brando_'s Theme _ Fan Made (128kbps).mp3
Dec 15 15:44 : update: added Other/Pendulum - Slam [HD - 320kbps] (128kbps).mp3
Dec 15 15:44 : update: added Other/BACK2BACK (128kbps).mp3
Dec 15 15:44 : update: added Other/Greek Fire - A Real Life.mp3
Dec 15 15:44 : update: added Other/UNDERTALE - ASGORE 【Intense Symphonic Metal Cover】 (128kbps).mp3
Dec 15 15:44 : update: added Other/CS_GO BHOP THEME (128kbps).mp3
Dec 15 15:44 : update: added Other/Undertale - Hopes and Dreams 【Intense Symphonic Metal Cover】 (128kbps).mp3
Dec 15 15:44 : update: added Other/Gurren Lagann OP - Sorairo Days (feat. Rena) 【Intense Symphonic Metal Cover】 (128kbps).mp3
Dec 15 15:44 : update: added Other/ONLAP - Rock Ain't Dead - [COPYRIGHT FREE Rock Song].mp3
Dec 15 15:44 : update: added Other/Voodoo People (Pendulum Mix) (128kbps).mp3
Dec 15 15:44 : update: added Other/[Undertale Remix] SharaX - Dark Darker Yet Darker (128kbps).mp3
Dec 15 15:44 : update: added Other/Blood Sugar (Original Mix) (128kbps).mp3
Dec 15 15:44 : update: added FNAF/Aviators - Sweet Dreams (Five Nights At Freddy_'s 4 Song) (128kbps).mp3
Dec 15 15:44 : update: added FNAF/Voices From The Pit (Into The Pit game credits song).mp3
Dec 15 15:44 : update: added FNAF/_STAY CALM_ - FIVE NIGHTS AT FREDDY'S SONG _ by Griffinilla.mp3
Dec 15 15:44 : update: added FNAF/Aviators - Mechanical Instinct (Five Nights at Freddy_'s 2 Song) (128kbps).mp3
Dec 15 15:44 : update: added FNAF/Before (FNAF3 Song) - Shadrow (128kbps).mp3
Dec 15 15:44 : update: added FNAF/FNAF 2 SONG _ __The Puppet__ by GatoPaint [Official Lyric Video] (128kbps).mp3
Dec 15 15:44 : update: added FNAF/(FNAF2 Song) Behind the Mask - SlyphStorm & TIFWhitney (128kbps).mp3
Dec 15 15:44 : update: added FNAF/FIVE NIGHTS AT FREDDY'S SONG 'It's Me' FNAF LYRIC VIDEO.mp3
Dec 15 15:44 : update: added FNAF/Hollow Dance - Five Nights at Freddy's_ Into the Pit (Soundtrack).mp3
Dec 15 15:44 : update: added /Kurvaaa.mp3
Dec 15 15:44 : update: added Amine/Gurren Lagann OST Disc 1 - 03 - Rap is Man_'s Soul! Believe in You_'n the Restless Dude Showing the... (128kbps).mp3
Dec 15 15:44 : update: added Amine/Libera Me from Hell Gurren Lagann (128kbps).mp3
Dec 15 15:44 : update: added Amine/Guitar, Loneliness and Blue Planet (128kbps).mp3
Dec 15 15:44 : update: added Amine/Viral_'s Theme (Nikopol) with lyrics (256kbps).mp3
Dec 15 15:44 : update: added Amine/Never forget (128kbps).mp3
Dec 15 15:44 : update: added Amine/My Hero Academia OST - You Say Run + Jet Set Run (You Say Run v2) (128kbps).mp3
Dec 15 15:44 : update: added Amine/Bakugo vs Shigaraki (The Spirit to Succeed)「My Hero Academia S07E11 OST」Epic Orchestral Cover (256kbps).mp3
Dec 15 15:44 : update: added Amine/Shoko Nakagawa - Sorairo Days (128kbps).mp3
Dec 15 15:44 : update: added Amine/If I could be a constellation (128kbps).mp3
Dec 15 15:44 : update: added Amine/That band (128kbps).mp3
Dec 15 15:44 : update: added Amine/FZMZ feat. icy - Danger Danger (Lyric Video) [Yz5EHpFxxU4].mp3
Dec 15 15:44 : update: added Amine/seisyun complex (128kbps).mp3
Dec 15 15:44 : update: added Amine/Jujutsu Kaisen OST - Sukuna Suite (256kbps).mp3
Dec 15 15:44 : update: added Silent Hill/Promise.mp3
Dec 15 15:44 : update: added Silent Hill/Silent Hill 2 Remake OST - Mary's Letter Theme Original Soundtrack.mp3
Dec 15 15:44 : update: added Silent Hill/Silent Hill 2 Remake OST - Black Fairy Original Soundtrack.mp3
Dec 15 15:44 : update: added Silent Hill/Silent Hill 2 Remake - Original Soundtrack - Promise (Reprise 2024).mp3
Dec 15 15:44 : update: added Silent Hill/Silent Hill 2 Remake OST - Lament of Heavens Night Original Soundtrack.mp3
Dec 15 15:44 : update: added Ultrakill/Unstoppable Force [tkLVbp0IH_E].mp3
Dec 15 15:44 : update: added Ultrakill/Altars of Apostasy [m5ra-w1xct8].mp3
Dec 15 15:44 : update: added Ultrakill/Order [9E0xFvFCUTM].mp3
Dec 15 15:44 : update: added Ultrakill/KEYGEN CHURCH - Tenebre Rosso Sangue (ULTRAKILL Soundtrack) [L5q4uYj-gyg].mp3
Dec 15 15:44 : update: added Ultrakill/The Cyber Grind [Achqe_GDUTM].mp3
Dec 15 15:44 : update: added Ultrakill/Versus [BhEnjxYLBYo].mp3
Dec 15 15:44 : update: added The Living Tombstone/The Living Tombstone - I Wanna Be A Machine (in Beat Saber OST 5_) [BOEm1ZmvTCs].mp3
Dec 15 15:44 : update: added The Living Tombstone/The Living Tombstone - Five Nights At Freddy_'s (Goth Remix) feat. Black Gryph0n & Baasik (128kbps).mp3
Dec 15 15:44 : update: added The Living Tombstone/Five Nights At Freddy_'s SB Song - This Comes From Inside - The Living Tombstone (128kbps).mp3
Dec 15 15:44 : update: added The Living Tombstone/Five Nights at Freddys Sister Location Song-I Can’t Fix You(FNAFSL)-The Living Tombstone & Crusher-P.mp3
Dec 15 15:44 : update: added The Living Tombstone/Discord (Remix) - Eurobeat Brony (128kbps).mp3
Dec 15 15:44 : update: added The Living Tombstone/The Living Tombstone - Join Us for a Bite Remix (128kbps).mp3
Dec 15 15:44 : update: added GameMisc/Pause Screen - Banjo Kazooie (128kbps).mp3
Dec 15 15:44 : update: added GameMisc/_ Bullet Hell_ (OverSave-Tale) Sans BOSS Theme (128kbps).mp3
Dec 15 15:44 : update: added GameMisc/SMILER - Item Asylum (256kbps).mp3
Dec 15 15:44 : update: added GameMisc/Mumbo_'s Mountain _ Banjo-Kazooie (128kbps).mp3
Dec 15 15:44 : update: added GameMisc/Berdly_'s Theme But It Drops Harder [Reupload] (128kbps).mp3
Dec 15 15:47 : player: played "CrazyMilosh.mp3"
Dec 15 15:48 : player: played "CrazyMilosh.mp3"
Dec 15 15:49 : player: played "CrazyMilosh.mp3"
Dec 15 15:51 : player: played "CrazyMilosh.mp3"
Dec 15 15:52 : player: played "CrazyMilosh.mp3"
Dec 15 15:53 : player: played "CrazyMilosh.mp3"
Dec 15 15:54 : player: played "CrazyMilosh.mp3"
Dec 15 15:56 : player: played "CrazyMilosh.mp3"
Dec 15 15:57 : player: played "CrazyMilosh.mp3"
Dec 15 15:58 : player: played "CrazyMilosh.mp3"
Dec 15 16:00 : player: played "CrazyMilosh.mp3"
Dec 15 16:01 : player: played "CrazyMilosh.mp3"
Dec 15 16:02 : player: played "CrazyMilosh.mp3"
Dec 15 16:03 : player: played "CrazyMilosh.mp3"
Dec 15 16:03 : player: played "CrazyMilosh.mp3"
Mar 14 22:54 : update: added Spooky/Main Menu - THE JOY OF CREATION (Soundtrack) (128).mp3
Mar 14 22:56 : player: played "Spooky/The Joy Of Creation Collection_ Track 6 - Remnants of Joy (TJOC_SM) [All Themes] (256kbps).mp3"
Mar 14 22:59 : player: played "Spooky/Main Menu - THE JOY OF CREATION (Soundtrack) (128).mp3"
Mar 14 23:01 : player: played "Spooky/Main Menu - THE JOY OF CREATION (Soundtrack) (128).mp3"
Mar 14 23:03 : player: played "Spooky/Main Menu - THE JOY OF CREATION (Soundtrack) (128).mp3"
Mar 14 23:05 : player: played "Spooky/Main Menu - THE JOY OF CREATION (Soundtrack) (128).mp3"
Mar 14 23:08 : player: played "Spooky/Main Menu - THE JOY OF CREATION (Soundtrack) (128).mp3"
Mar 14 23:10 : player: played "Spooky/Main Menu - THE JOY OF CREATION (Soundtrack) (128).mp3"
Mar 14 23:12 : player: played "Spooky/Main Menu - THE JOY OF CREATION (Soundtrack) (128).mp3"
Mar 14 23:14 : player: played "Spooky/Main Menu - THE JOY OF CREATION (Soundtrack) (128).mp3"
Mar 14 23:16 : player: played "Spooky/Main Menu - THE JOY OF CREATION (Soundtrack) (128).mp3"
Mar 14 23:18 : player: played "Spooky/Main Menu - THE JOY OF CREATION (Soundtrack) (128).mp3"
Mar 14 23:20 : player: played "Spooky/Main Menu - THE JOY OF CREATION (Soundtrack) (128).mp3"
Mar 14 23:22 : player: played "Spooky/Main Menu - THE JOY OF CREATION (Soundtrack) (128).mp3"
Mar 14 23:25 : player: played "Spooky/Main Menu - THE JOY OF CREATION (Soundtrack) (128).mp3"
Mar 14 23:27 : player: played "Spooky/Main Menu - THE JOY OF CREATION (Soundtrack) (128).mp3"
Mar 14 23:29 : player: played "Spooky/Main Menu - THE JOY OF CREATION (Soundtrack) (128).mp3"
Mar 14 23:31 : player: played "Spooky/Main Menu - THE JOY OF CREATION (Soundtrack) (128).mp3"
Mar 14 23:33 : player: played "Spooky/Main Menu - THE JOY OF CREATION (Soundtrack) (128).mp3"
Mar 14 23:35 : player: played "Spooky/Main Menu - THE JOY OF CREATION (Soundtrack) (128).mp3"
Mar 14 23:37 : player: played "Spooky/Main Menu - THE JOY OF CREATION (Soundtrack) (128).mp3"
Mar 14 23:39 : player: played "Spooky/Main Menu - THE JOY OF CREATION (Soundtrack) (128).mp3"
Mar 15 01:21 : player: played "Spooky/Main Menu - THE JOY OF CREATION (Soundtrack) (128).mp3"
Mar 15 01:22 : player: played "Arcane/Mike Shinoda, Emily Armstrong - “Heavy Is The Crown (Arcane Original Score)” [Official Visualizer] [gMpEkqbAdzI](1).mp3"
Mar 15 01:23 : player: played "FNAF/Aviators - Mechanical Instinct (Five Nights at Freddy_'s 2 Song) (128kbps).mp3"
Mar 15 01:35 : player: played "Ultrakill/The Cyber Grind [Achqe_GDUTM].mp3"
Mar 15 01:36 : player: played "Waterflame/Deludebeats.mp3"
Mar 15 01:46 : player: played "Ultrakill/Altars of Apostasy [m5ra-w1xct8].mp3"
Mar 15 01:51 : player: played "Ultrakill/The Cyber Grind [Achqe_GDUTM].mp3"
Mar 15 01:51 : player: played "Waterflame/Deludebeats.mp3"
Mar 16 20:24 : player: played "Spooky/Main Menu - THE JOY OF CREATION (Soundtrack) (128).mp3"
Mar 16 20:24 : player: played "Arcane/Mike Shinoda, Emily Armstrong - “Heavy Is The Crown (Arcane Original Score)” [Official Visualizer] [gMpEkqbAdzI](1).mp3"
Mar 17 14:27 : player: played "Amine/FZMZ feat. icy - Danger Danger (Lyric Video) [Yz5EHpFxxU4].mp3"
Mar 17 14:34 : player: played "Devil May Cry/[Full Song_Official Lyrics] Devil Trigger - Nero_'s battle theme from Devil May Cry 5 (128kbps).mp3"
Mar 17 14:37 : player: played "FNAF/_STAY CALM_ - FIVE NIGHTS AT FREDDY'S SONG _ by Griffinilla.mp3"
Mar 17 14:39 : player: played "FNAF/Voices From The Pit (Into The Pit game credits song).mp3"
Mar 17 14:41 : player: played "MetalGearRising/The Hot Wind Blowing.mp3"
Mar 17 14:44 : player: played "MetalGearRising/Red Sun.mp3"
Mar 17 14:47 : player: played "The Living Tombstone/The Living Tombstone - Join Us for a Bite Remix (128kbps).mp3"
Mar 17 14:49 : player: played "Undertale_Deltarune/A CYBER_'S WORLD (128kbps).mp3"
Mar 17 14:51 : player: played "Undertale_Deltarune/Deltarune OST_ 30 - Chaos King (128kbps).mp3"
Mar 17 14:54 : player: played "Waterflame/The Race Around the World_0X2OpQAR4xY.mp3"
Mar 17 14:59 : player: played "Other/Waters of Megalovania (ORIGINAL) (128kbps).mp3"
Mar 17 15:03 : player: played "Other/CS_GO BHOP THEME (128kbps).mp3"
Mar 17 15:06 : player: played "Spooky/FNAF_ SB RUIN OST_ Golf Swamp_Gift Shop (256kbps).mp3"
Mar 17 15:09 : player: played "Spooky/ad_machina.mp3"
Mar 17 15:10 : player: played "Spooky/The Joy Of Creation Freddy_'s Theme Soundtrack Tjoc ignited collection (official audio) (256kbps).mp3"
Mar 17 15:14 : player: played "Amine/FZMZ feat. icy - Danger Danger (Lyric Video) [Yz5EHpFxxU4].mp3"
Mar 17 15:21 : player: played "Devil May Cry/[Full Song_Official Lyrics] Devil Trigger - Nero_'s battle theme from Devil May Cry 5 (128kbps).mp3"
Mar 17 15:24 : player: played "FNAF/_STAY CALM_ - FIVE NIGHTS AT FREDDY'S SONG _ by Griffinilla.mp3"
Mar 17 15:25 : player: played "FNAF/Voices From The Pit (Into The Pit game credits song).mp3"
Mar 17 15:28 : player: played "MetalGearRising/The Hot Wind Blowing.mp3"
Mar 17 15:30 : player: played "MetalGearRising/Red Sun.mp3"
Mar 17 15:33 : player: played "The Living Tombstone/The Living Tombstone - Join Us for a Bite Remix (128kbps).mp3"
Mar 17 15:36 : player: played "Undertale_Deltarune/A CYBER_'S WORLD (128kbps).mp3"
Mar 17 15:37 : player: played "Undertale_Deltarune/Deltarune OST_ 30 - Chaos King (128kbps).mp3"
Mar 17 15:40 : player: played "Waterflame/The Race Around the World_0X2OpQAR4xY.mp3"
Mar 17 16:40 : player: played "Other/CS_GO BHOP THEME (128kbps).mp3"
Mar 17 16:42 : player: played "Spooky/FNAF_ SB RUIN OST_ Golf Swamp_Gift Shop (256kbps).mp3"
Mar 17 19:47 : player: played "Waterflame/The Race Around the World_0X2OpQAR4xY.mp3"
Mar 17 19:49 : player: played "Undertale_Deltarune/A CYBER_'S WORLD (128kbps).mp3"
Mar 17 19:51 : player: played "Undertale_Deltarune/Deltarune Chapter 2 OST 26 - Pandora Palace (128kbps).mp3"
Mar 17 19:53 : player: played "Undertale_Deltarune/Deltarune Chapter 2 OST 39 - BIG SHOT (128kbps).mp3"
Mar 17 19:55 : player: played "Undertale_Deltarune/Deltarune Chapter 2 OST 32 - Toby Fox & Lena Raine & Marcy Nabors - Attack of the Killer Queen (128kbps).mp3"
Mar 17 19:58 : player: played "Undertale_Deltarune/VS SUSIE - SMOOTHLY EXTENDED - Toby Fox (deltarune) (128kbps).mp3"
Mar 17 20:01 : player: played "GameMisc/_ Bullet Hell_ (OverSave-Tale) Sans BOSS Theme (128kbps).mp3"
Mar 17 20:03 : player: played "GameMisc/Berdly_'s Theme But It Drops Harder [Reupload] (128kbps).mp3"
Mar 17 20:05 : player: played "GameMisc/SMILER - Item Asylum (256kbps).mp3"
Mar 17 20:10 : player: played "Ultrakill/Altars of Apostasy [m5ra-w1xct8].mp3"
Mar 17 20:12 : player: played "Undertale_Deltarune/Deltarune OST_ 30 - Chaos King (128kbps).mp3"
Mar 17 20:55 : player: played "Waterflame/The Race Around the World_0X2OpQAR4xY.mp3"
Mar 19 22:42 : update: added Evan Fong/Evan Fong - Spawn! [Official Music Video].mp3
Mar 19 22:42 : update: added Evan Fong/Evan Fong - miss melancholy [official music video].mp3
Mar 19 22:42 : update: added Evan Fong/Evan Fong - Spawn! [Instrumental].mp3
Mar 19 22:42 : player: played "Waterflame/The Race Around the World_0X2OpQAR4xY.mp3"
Mar 19 22:46 : player: played "Evan Fong/Evan Fong - Spawn! [Official Music Video].mp3"
Mar 19 23:04 : player: played "Evan Fong/Evan Fong - miss melancholy [official music video].mp3"
Mar 19 23:09 : player: played "Evan Fong/Evan Fong - Spawn! [Official Music Video].mp3"
Mar 20 18:29 : player: played "Evan Fong/Evan Fong - Spawn! [Official Music Video].mp3"
Mar 20 18:31 : player: played "Spooky/Main Menu - THE JOY OF CREATION (Soundtrack) (128).mp3"
Mar 20 18:33 : player: played "Spooky/Main Menu - THE JOY OF CREATION (Soundtrack) (128).mp3"
Mar 20 18:35 : player: played "Spooky/Main Menu - THE JOY OF CREATION (Soundtrack) (128).mp3"
Mar 20 18:38 : player: played "Spooky/Main Menu - THE JOY OF CREATION (Soundtrack) (128).mp3"
Mar 20 18:40 : player: played "Spooky/Main Menu - THE JOY OF CREATION (Soundtrack) (128).mp3"
Mar 20 18:42 : player: played "Spooky/Main Menu - THE JOY OF CREATION (Soundtrack) (128).mp3"
Mar 20 18:44 : player: played "Spooky/Main Menu - THE JOY OF CREATION (Soundtrack) (128).mp3"
Mar 20 18:46 : player: played "Spooky/Main Menu - THE JOY OF CREATION (Soundtrack) (128).mp3"
Mar 20 18:48 : player: played "Spooky/Main Menu - THE JOY OF CREATION (Soundtrack) (128).mp3"
Mar 20 18:50 : player: played "Spooky/Main Menu - THE JOY OF CREATION (Soundtrack) (128).mp3"
Mar 20 18:52 : player: played "Spooky/Main Menu - THE JOY OF CREATION (Soundtrack) (128).mp3"
Mar 20 18:55 : player: played "Spooky/Main Menu - THE JOY OF CREATION (Soundtrack) (128).mp3"
Mar 20 18:57 : player: played "Spooky/Main Menu - THE JOY OF CREATION (Soundtrack) (128).mp3"
Mar 20 18:59 : player: played "Spooky/Main Menu - THE JOY OF CREATION (Soundtrack) (128).mp3"
Mar 20 19:01 : player: played "Spooky/Main Menu - THE JOY OF CREATION (Soundtrack) (128).mp3"
Mar 20 19:03 : player: played "Spooky/Main Menu - THE JOY OF CREATION (Soundtrack) (128).mp3"
Mar 20 19:05 : player: played "Spooky/Main Menu - THE JOY OF CREATION (Soundtrack) (128).mp3"
Mar 20 19:07 : player: played "Spooky/Main Menu - THE JOY OF CREATION (Soundtrack) (128).mp3"
Mar 20 19:09 : player: played "Spooky/Main Menu - THE JOY OF CREATION (Soundtrack) (128).mp3"
Mar 20 19:12 : player: played "Spooky/Main Menu - THE JOY OF CREATION (Soundtrack) (128).mp3"
Mar 20 19:14 : player: played "Spooky/Main Menu - THE JOY OF CREATION (Soundtrack) (128).mp3"
Mar 20 19:16 : player: played "Spooky/Main Menu - THE JOY OF CREATION (Soundtrack) (128).mp3"
Mar 20 19:18 : player: played "Spooky/Main Menu - THE JOY OF CREATION (Soundtrack) (128).mp3"
Mar 20 19:20 : player: played "Spooky/Main Menu - THE JOY OF CREATION (Soundtrack) (128).mp3"
Mar 20 19:22 : player: played "Spooky/Main Menu - THE JOY OF CREATION (Soundtrack) (128).mp3"
Mar 20 19:24 : player: played "Spooky/Main Menu - THE JOY OF CREATION (Soundtrack) (128).mp3"
Mar 20 19:25 : player: played "Spooky/Main Menu - THE JOY OF CREATION (Soundtrack) (128).mp3"
Mar 21 13:39 : player: played "Spooky/The Joy Of Creation Freddy_'s Theme Soundtrack Tjoc ignited collection (official audio) (256kbps).mp3"
Mar 21 13:41 : player: played "Spooky/The Joy Of Creation Collection_ Track 6 - Remnants of Joy (TJOC_SM) [All Themes] (256kbps).mp3"
Mar 21 13:43 : player: played "Undertale_Deltarune/Deltarune Chapter 2 OST 03 - My Castle Town (128kbps).mp3"
Mar 21 13:46 : player: played "Spooky/aware.mp3"
Mar 21 13:50 : player: played "Silent Hill/Silent Hill 2 Remake OST - Lament of Heavens Night Original Soundtrack.mp3"
Mar 21 13:51 : player: played "FNAF/Hollow Dance - Five Nights at Freddy's_ Into the Pit (Soundtrack).mp3"
Mar 21 13:54 : player: played "Spooky/FNAF_ SB RUIN OST_ Golf Swamp_Gift Shop (256kbps).mp3"
Mar 21 13:57 : player: played "Spooky/dereliction.mp3"
Mar 21 13:59 : player: played "Spooky/The Joy Of Creation Collection_ Track 6 - Remnants of Joy (TJOC_SM) [All Themes] (256kbps).mp3"
Mar 21 14:01 : player: played "Undertale_Deltarune/Deltarune Chapter 2 OST 03 - My Castle Town (128kbps).mp3"
Mar 21 14:04 : player: played "Spooky/aware.mp3"
Mar 21 14:07 : player: played "Silent Hill/Silent Hill 2 Remake OST - Lament of Heavens Night Original Soundtrack.mp3"
Mar 21 14:09 : player: played "FNAF/Hollow Dance - Five Nights at Freddy's_ Into the Pit (Soundtrack).mp3"
Mar 21 14:12 : player: played "Spooky/FNAF_ SB RUIN OST_ Golf Swamp_Gift Shop (256kbps).mp3"
Mar 21 14:14 : player: played "Spooky/dereliction.mp3"
Mar 21 14:17 : player: played "Spooky/The Joy Of Creation Collection_ Track 6 - Remnants of Joy (TJOC_SM) [All Themes] (256kbps).mp3"
Mar 21 14:19 : player: played "Undertale_Deltarune/Deltarune Chapter 2 OST 03 - My Castle Town (128kbps).mp3"
Mar 21 14:21 : player: played "Spooky/aware.mp3"
Mar 21 14:25 : player: played "Silent Hill/Silent Hill 2 Remake OST - Lament of Heavens Night Original Soundtrack.mp3"
Mar 21 14:26 : player: played "FNAF/Hollow Dance - Five Nights at Freddy's_ Into the Pit (Soundtrack).mp3"
Mar 21 14:30 : player: played "Spooky/FNAF_ SB RUIN OST_ Golf Swamp_Gift Shop (256kbps).mp3"
Mar 21 14:32 : player: played "Spooky/dereliction.mp3"
Mar 21 14:35 : player: played "Spooky/The Joy Of Creation Collection_ Track 6 - Remnants of Joy (TJOC_SM) [All Themes] (256kbps).mp3"
Mar 21 14:37 : player: played "Undertale_Deltarune/Deltarune Chapter 2 OST 03 - My Castle Town (128kbps).mp3"
Mar 21 14:39 : player: played "Spooky/aware.mp3"
Mar 21 14:43 : player: played "Silent Hill/Silent Hill 2 Remake OST - Lament of Heavens Night Original Soundtrack.mp3"
Mar 21 14:44 : player: played "FNAF/Hollow Dance - Five Nights at Freddy's_ Into the Pit (Soundtrack).mp3"
Mar 21 14:48 : player: played "Spooky/FNAF_ SB RUIN OST_ Golf Swamp_Gift Shop (256kbps).mp3"
Mar 21 14:50 : player: played "Spooky/dereliction.mp3"
Mar 21 14:52 : player: played "Spooky/The Joy Of Creation Collection_ Track 6 - Remnants of Joy (TJOC_SM) [All Themes] (256kbps).mp3"
Mar 21 14:54 : player: played "Undertale_Deltarune/Deltarune Chapter 2 OST 03 - My Castle Town (128kbps).mp3"
Mar 21 14:57 : player: played "Spooky/aware.mp3"
Mar 21 16:20 : player: played "Silent Hill/Silent Hill 2 Remake OST - Lament of Heavens Night Original Soundtrack.mp3"
Mar 21 23:33 : player: played "Silent Hill/Silent Hill 2 Remake OST - Lament of Heavens Night Original Soundtrack.mp3"
Mar 21 23:34 : player: played "FNAF/Hollow Dance - Five Nights at Freddy's_ Into the Pit (Soundtrack).mp3"
Mar 21 23:37 : player: played "Spooky/FNAF_ SB RUIN OST_ Golf Swamp_Gift Shop (256kbps).mp3"
Mar 21 23:40 : player: played "Spooky/dereliction.mp3"
Mar 21 23:42 : player: played "Spooky/The Joy Of Creation Collection_ Track 6 - Remnants of Joy (TJOC_SM) [All Themes] (256kbps).mp3"
Mar 21 23:44 : player: played "Undertale_Deltarune/Deltarune Chapter 2 OST 03 - My Castle Town (128kbps).mp3"
Mar 21 23:46 : player: played "Spooky/aware.mp3"
Mar 21 23:50 : player: played "Silent Hill/Silent Hill 2 Remake OST - Lament of Heavens Night Original Soundtrack.mp3"
Mar 21 23:51 : player: played "FNAF/Hollow Dance - Five Nights at Freddy's_ Into the Pit (Soundtrack).mp3"
Mar 21 23:55 : player: played "Spooky/FNAF_ SB RUIN OST_ Golf Swamp_Gift Shop (256kbps).mp3"
Mar 21 23:57 : player: played "Spooky/dereliction.mp3"
Mar 22 00:00 : player: played "Spooky/The Joy Of Creation Collection_ Track 6 - Remnants of Joy (TJOC_SM) [All Themes] (256kbps).mp3"
Mar 22 00:02 : player: played "Undertale_Deltarune/Deltarune Chapter 2 OST 03 - My Castle Town (128kbps).mp3"
Mar 22 00:04 : player: played "Spooky/aware.mp3"
Mar 22 00:08 : player: played "Silent Hill/Silent Hill 2 Remake OST - Lament of Heavens Night Original Soundtrack.mp3"
Mar 22 00:09 : player: played "FNAF/Hollow Dance - Five Nights at Freddy's_ Into the Pit (Soundtrack).mp3"
Mar 22 00:10 : player: played "Spooky/FNAF_ SB RUIN OST_ Golf Swamp_Gift Shop (256kbps).mp3"
Mar 22 10:21 : player: played "FNAF/Hollow Dance - Five Nights at Freddy's_ Into the Pit (Soundtrack).mp3"
Mar 22 10:24 : player: played "Spooky/FNAF_ SB RUIN OST_ Golf Swamp_Gift Shop (256kbps).mp3"
Mar 22 10:27 : player: played "Spooky/dereliction.mp3"
Mar 22 10:29 : player: played "Spooky/The Joy Of Creation Collection_ Track 6 - Remnants of Joy (TJOC_SM) [All Themes] (256kbps).mp3"
Mar 22 10:31 : player: played "Undertale_Deltarune/Deltarune Chapter 2 OST 03 - My Castle Town (128kbps).mp3"
Mar 22 10:33 : player: played "Spooky/aware.mp3"
Mar 22 10:37 : player: played "Silent Hill/Silent Hill 2 Remake OST - Lament of Heavens Night Original Soundtrack.mp3"
Mar 22 10:38 : player: played "FNAF/Hollow Dance - Five Nights at Freddy's_ Into the Pit (Soundtrack).mp3"
Mar 22 10:42 : player: played "Spooky/FNAF_ SB RUIN OST_ Golf Swamp_Gift Shop (256kbps).mp3"
Mar 22 10:44 : player: played "Spooky/dereliction.mp3"
Mar 22 10:47 : player: played "Spooky/The Joy Of Creation Collection_ Track 6 - Remnants of Joy (TJOC_SM) [All Themes] (256kbps).mp3"
Mar 22 10:49 : player: played "Undertale_Deltarune/Deltarune Chapter 2 OST 03 - My Castle Town (128kbps).mp3"
Mar 22 10:51 : player: played "Spooky/aware.mp3"
Mar 22 10:55 : player: played "Silent Hill/Silent Hill 2 Remake OST - Lament of Heavens Night Original Soundtrack.mp3"
Mar 22 10:56 : player: played "FNAF/Hollow Dance - Five Nights at Freddy's_ Into the Pit (Soundtrack).mp3"
Mar 22 11:00 : player: played "Spooky/FNAF_ SB RUIN OST_ Golf Swamp_Gift Shop (256kbps).mp3"
Mar 22 11:02 : player: played "Spooky/dereliction.mp3"
Mar 22 11:04 : player: played "Spooky/The Joy Of Creation Collection_ Track 6 - Remnants of Joy (TJOC_SM) [All Themes] (256kbps).mp3"
Mar 22 11:06 : player: played "Undertale_Deltarune/Deltarune Chapter 2 OST 03 - My Castle Town (128kbps).mp3"
Mar 22 11:09 : player: played "Spooky/aware.mp3"
Mar 22 11:13 : player: played "Silent Hill/Silent Hill 2 Remake OST - Lament of Heavens Night Original Soundtrack.mp3"
Mar 22 11:14 : player: played "FNAF/Hollow Dance - Five Nights at Freddy's_ Into the Pit (Soundtrack).mp3"
Mar 22 11:14 : player: played "Spooky/FNAF_ SB RUIN OST_ Golf Swamp_Gift Shop (256kbps).mp3"
Mar 22 12:35 : player: played "Spooky/aware.mp3"
Mar 23 06:56 : player: played "Spooky/aware.mp3"
Mar 23 12:49 : player: played "Spooky/The Joy Of Creation Collection_ Track 6 - Remnants of Joy (TJOC_SM) [All Themes] (256kbps).mp3"
Mar 23 12:51 : player: played "Spooky/The Joy Of Creation Collection_ Track 6 - Remnants of Joy (TJOC_SM) [All Themes] (256kbps).mp3"
Mar 23 12:53 : player: played "Spooky/The Joy Of Creation Collection_ Track 6 - Remnants of Joy (TJOC_SM) [All Themes] (256kbps).mp3"
Mar 23 12:56 : player: played "Spooky/The Joy Of Creation Collection_ Track 6 - Remnants of Joy (TJOC_SM) [All Themes] (256kbps).mp3"
Mar 23 12:58 : player: played "Spooky/The Joy Of Creation Collection_ Track 6 - Remnants of Joy (TJOC_SM) [All Themes] (256kbps).mp3"
Mar 23 13:00 : player: played "Spooky/The Joy Of Creation Collection_ Track 6 - Remnants of Joy (TJOC_SM) [All Themes] (256kbps).mp3"
Mar 23 13:03 : player: played "Spooky/The Joy Of Creation Collection_ Track 6 - Remnants of Joy (TJOC_SM) [All Themes] (256kbps).mp3"
Mar 23 13:05 : player: played "Spooky/The Joy Of Creation Collection_ Track 6 - Remnants of Joy (TJOC_SM) [All Themes] (256kbps).mp3"
Mar 23 13:07 : player: played "Spooky/The Joy Of Creation Collection_ Track 6 - Remnants of Joy (TJOC_SM) [All Themes] (256kbps).mp3"
Mar 23 13:10 : player: played "Spooky/The Joy Of Creation Collection_ Track 6 - Remnants of Joy (TJOC_SM) [All Themes] (256kbps).mp3"
Mar 23 13:12 : player: played "Spooky/The Joy Of Creation Collection_ Track 6 - Remnants of Joy (TJOC_SM) [All Themes] (256kbps).mp3"
Mar 23 13:14 : player: played "Spooky/The Joy Of Creation Collection_ Track 6 - Remnants of Joy (TJOC_SM) [All Themes] (256kbps).mp3"
Mar 23 13:17 : player: played "Spooky/The Joy Of Creation Collection_ Track 6 - Remnants of Joy (TJOC_SM) [All Themes] (256kbps).mp3"
Mar 23 13:19 : player: played "Spooky/The Joy Of Creation Collection_ Track 6 - Remnants of Joy (TJOC_SM) [All Themes] (256kbps).mp3"
Mar 23 13:21 : player: played "Spooky/The Joy Of Creation Collection_ Track 6 - Remnants of Joy (TJOC_SM) [All Themes] (256kbps).mp3"
Mar 23 13:24 : player: played "Spooky/The Joy Of Creation Collection_ Track 6 - Remnants of Joy (TJOC_SM) [All Themes] (256kbps).mp3"
Mar 23 13:26 : player: played "Spooky/The Joy Of Creation Collection_ Track 6 - Remnants of Joy (TJOC_SM) [All Themes] (256kbps).mp3"
Mar 23 13:28 : player: played "Spooky/The Joy Of Creation Collection_ Track 6 - Remnants of Joy (TJOC_SM) [All Themes] (256kbps).mp3"
Mar 23 13:31 : player: played "Spooky/The Joy Of Creation Collection_ Track 6 - Remnants of Joy (TJOC_SM) [All Themes] (256kbps).mp3"
Mar 23 13:33 : player: played "Spooky/The Joy Of Creation Collection_ Track 6 - Remnants of Joy (TJOC_SM) [All Themes] (256kbps).mp3"
Mar 23 13:35 : player: played "Spooky/The Joy Of Creation Collection_ Track 6 - Remnants of Joy (TJOC_SM) [All Themes] (256kbps).mp3"
Mar 23 13:38 : player: played "Spooky/The Joy Of Creation Collection_ Track 6 - Remnants of Joy (TJOC_SM) [All Themes] (256kbps).mp3"
Mar 23 13:40 : player: played "Spooky/The Joy Of Creation Collection_ Track 6 - Remnants of Joy (TJOC_SM) [All Themes] (256kbps).mp3"
Mar 23 13:42 : player: played "Spooky/The Joy Of Creation Collection_ Track 6 - Remnants of Joy (TJOC_SM) [All Themes] (256kbps).mp3"
Mar 23 13:45 : player: played "Spooky/The Joy Of Creation Collection_ Track 6 - Remnants of Joy (TJOC_SM) [All Themes] (256kbps).mp3"
Mar 23 13:47 : player: played "Spooky/The Joy Of Creation Collection_ Track 6 - Remnants of Joy (TJOC_SM) [All Themes] (256kbps).mp3"
Mar 23 13:49 : player: played "Spooky/The Joy Of Creation Collection_ Track 6 - Remnants of Joy (TJOC_SM) [All Themes] (256kbps).mp3"
Mar 23 13:52 : player: played "Spooky/The Joy Of Creation Collection_ Track 6 - Remnants of Joy (TJOC_SM) [All Themes] (256kbps).mp3"
Mar 23 13:54 : player: played "Spooky/The Joy Of Creation Collection_ Track 6 - Remnants of Joy (TJOC_SM) [All Themes] (256kbps).mp3"
Mar 23 13:56 : player: played "Spooky/The Joy Of Creation Collection_ Track 6 - Remnants of Joy (TJOC_SM) [All Themes] (256kbps).mp3"
Mar 23 13:58 : player: played "Spooky/The Joy Of Creation Collection_ Track 6 - Remnants of Joy (TJOC_SM) [All Themes] (256kbps).mp3"
Mar 23 20:49 : player: played "Spooky/The Joy Of Creation Collection_ Track 6 - Remnants of Joy (TJOC_SM) [All Themes] (256kbps).mp3"
Mar 23 20:51 : player: played "Spooky/The Joy Of Creation Collection_ Track 6 - Remnants of Joy (TJOC_SM) [All Themes] (256kbps).mp3"
Mar 23 20:53 : player: played "Spooky/The Joy Of Creation Collection_ Track 6 - Remnants of Joy (TJOC_SM) [All Themes] (256kbps).mp3"
Mar 23 20:56 : player: played "Spooky/The Joy Of Creation Collection_ Track 6 - Remnants of Joy (TJOC_SM) [All Themes] (256kbps).mp3"
Mar 23 20:58 : player: played "Spooky/The Joy Of Creation Collection_ Track 6 - Remnants of Joy (TJOC_SM) [All Themes] (256kbps).mp3"
Mar 23 21:00 : player: played "Spooky/The Joy Of Creation Collection_ Track 6 - Remnants of Joy (TJOC_SM) [All Themes] (256kbps).mp3"
Mar 23 21:03 : player: played "Spooky/The Joy Of Creation Collection_ Track 6 - Remnants of Joy (TJOC_SM) [All Themes] (256kbps).mp3"
Mar 23 21:05 : player: played "Spooky/The Joy Of Creation Collection_ Track 6 - Remnants of Joy (TJOC_SM) [All Themes] (256kbps).mp3"
Mar 23 21:07 : player: played "Spooky/The Joy Of Creation Collection_ Track 6 - Remnants of Joy (TJOC_SM) [All Themes] (256kbps).mp3"
Mar 23 21:10 : player: played "Spooky/The Joy Of Creation Collection_ Track 6 - Remnants of Joy (TJOC_SM) [All Themes] (256kbps).mp3"
Mar 23 21:12 : player: played "Spooky/The Joy Of Creation Collection_ Track 6 - Remnants of Joy (TJOC_SM) [All Themes] (256kbps).mp3"
Mar 23 21:14 : player: played "Spooky/The Joy Of Creation Collection_ Track 6 - Remnants of Joy (TJOC_SM) [All Themes] (256kbps).mp3"
Mar 23 21:17 : player: played "Spooky/The Joy Of Creation Collection_ Track 6 - Remnants of Joy (TJOC_SM) [All Themes] (256kbps).mp3"
Mar 23 21:19 : player: played "Spooky/The Joy Of Creation Collection_ Track 6 - Remnants of Joy (TJOC_SM) [All Themes] (256kbps).mp3"
Mar 23 21:21 : player: played "Spooky/The Joy Of Creation Collection_ Track 6 - Remnants of Joy (TJOC_SM) [All Themes] (256kbps).mp3"
Mar 23 21:24 : player: played "Spooky/The Joy Of Creation Collection_ Track 6 - Remnants of Joy (TJOC_SM) [All Themes] (256kbps).mp3"
Mar 23 21:26 : player: played "Spooky/The Joy Of Creation Collection_ Track 6 - Remnants of Joy (TJOC_SM) [All Themes] (256kbps).mp3"
Mar 23 21:28 : player: played "Spooky/The Joy Of Creation Collection_ Track 6 - Remnants of Joy (TJOC_SM) [All Themes] (256kbps).mp3"
Mar 23 21:31 : player: played "Spooky/The Joy Of Creation Collection_ Track 6 - Remnants of Joy (TJOC_SM) [All Themes] (256kbps).mp3"
Mar 23 21:33 : player: played "Spooky/The Joy Of Creation Collection_ Track 6 - Remnants of Joy (TJOC_SM) [All Themes] (256kbps).mp3"
Mar 23 21:35 : player: played "Spooky/The Joy Of Creation Collection_ Track 6 - Remnants of Joy (TJOC_SM) [All Themes] (256kbps).mp3"
Mar 23 21:38 : player: played "Spooky/The Joy Of Creation Collection_ Track 6 - Remnants of Joy (TJOC_SM) [All Themes] (256kbps).mp3"
Mar 23 21:40 : player: played "Spooky/The Joy Of Creation Collection_ Track 6 - Remnants of Joy (TJOC_SM) [All Themes] (256kbps).mp3"
Mar 23 21:42 : player: played "Spooky/The Joy Of Creation Collection_ Track 6 - Remnants of Joy (TJOC_SM) [All Themes] (256kbps).mp3"
Mar 23 21:45 : player: played "Spooky/The Joy Of Creation Collection_ Track 6 - Remnants of Joy (TJOC_SM) [All Themes] (256kbps).mp3"
Mar 23 21:47 : player: played "Spooky/The Joy Of Creation Collection_ Track 6 - Remnants of Joy (TJOC_SM) [All Themes] (256kbps).mp3"
Mar 23 21:49 : player: played "Spooky/The Joy Of Creation Collection_ Track 6 - Remnants of Joy (TJOC_SM) [All Themes] (256kbps).mp3"
Mar 23 21:52 : player: played "Spooky/The Joy Of Creation Collection_ Track 6 - Remnants of Joy (TJOC_SM) [All Themes] (256kbps).mp3"
Mar 23 21:54 : player: played "Spooky/The Joy Of Creation Collection_ Track 6 - Remnants of Joy (TJOC_SM) [All Themes] (256kbps).mp3"
Mar 23 21:56 : player: played "Spooky/The Joy Of Creation Collection_ Track 6 - Remnants of Joy (TJOC_SM) [All Themes] (256kbps).mp3"
Apr 05 16:38 : update: added Sonic/Endless Possibility - Sonic Unleashed[OST].mp3
Apr 05 16:38 : update: added Other/Level RUN! - Dapper Huskey.mp3
Apr 05 16:38 : update: added Other/Untitled #13 - glwzbll.mp3
Apr 05 16:38 : update: added Other/Paranoia - KENTENSHI.mp3
Apr 05 16:38 : update: added FNAF/TJOC - Phonk Remix - Itxal.mp3
Apr 05 16:38 : update: added Linkin Park/Heavy Is The Crown - Linkin Park.mp3
Apr 05 16:39 : player: played "Spooky/The Joy Of Creation Collection_ Track 6 - Remnants of Joy (TJOC_SM) [All Themes] (256kbps).mp3"
Apr 05 16:42 : player: played "FNAF/TJOC - Phonk Remix - Itxal.mp3"
Apr 05 16:45 : player: played "FNAF/TJOC - Phonk Remix - Itxal.mp3"
Apr 05 16:48 : player: played "FNAF/TJOC - Phonk Remix - Itxal.mp3"
Apr 05 16:51 : player: played "FNAF/TJOC - Phonk Remix - Itxal.mp3"
Apr 05 16:54 : player: played "FNAF/TJOC - Phonk Remix - Itxal.mp3"
Apr 05 16:57 : player: played "FNAF/TJOC - Phonk Remix - Itxal.mp3"
Apr 05 16:59 : player: played "FNAF/TJOC - Phonk Remix - Itxal.mp3"
Apr 05 17:54 : player: played "FNAF/TJOC - Phonk Remix - Itxal.mp3"
Apr 06 09:03 : player: played "FNAF/TJOC - Phonk Remix - Itxal.mp3"
Apr 06 09:06 : player: played "FNAF/TJOC - Phonk Remix - Itxal.mp3"
Apr 06 09:09 : player: played "FNAF/TJOC - Phonk Remix - Itxal.mp3"
Apr 06 09:12 : player: played "FNAF/TJOC - Phonk Remix - Itxal.mp3"
Apr 06 09:15 : player: played "FNAF/TJOC - Phonk Remix - Itxal.mp3"
Apr 06 09:18 : player: played "FNAF/TJOC - Phonk Remix - Itxal.mp3"
Apr 06 09:21 : player: played "FNAF/TJOC - Phonk Remix - Itxal.mp3"
Apr 06 09:24 : player: played "FNAF/TJOC - Phonk Remix - Itxal.mp3"
Apr 06 09:28 : player: played "FNAF/TJOC - Phonk Remix - Itxal.mp3"
Apr 06 09:31 : player: played "FNAF/TJOC - Phonk Remix - Itxal.mp3"
Apr 06 09:34 : player: played "FNAF/TJOC - Phonk Remix - Itxal.mp3"
Apr 06 09:37 : player: played "FNAF/TJOC - Phonk Remix - Itxal.mp3"
Apr 06 09:40 : player: played "FNAF/TJOC - Phonk Remix - Itxal.mp3"
Apr 06 09:43 : player: played "FNAF/TJOC - Phonk Remix - Itxal.mp3"
Apr 06 09:46 : player: played "FNAF/TJOC - Phonk Remix - Itxal.mp3"
Apr 06 09:49 : player: played "FNAF/TJOC - Phonk Remix - Itxal.mp3"
Apr 06 09:52 : player: played "FNAF/TJOC - Phonk Remix - Itxal.mp3"
May 02 09:21 : player: played "FNAF/TJOC - Phonk Remix - Itxal.mp3"
May 02 09:24 : player: played "FNAF/TJOC - Phonk Remix - Itxal.mp3"
May 02 09:27 : player: played "FNAF/TJOC - Phonk Remix - Itxal.mp3"
May 02 09:30 : player: played "FNAF/TJOC - Phonk Remix - Itxal.mp3"
May 02 12:12 : player: played "FNAF/TJOC - Phonk Remix - Itxal.mp3"
May 18 00:00 : player: played "FNAF/TJOC - Phonk Remix - Itxal.mp3"
May 18 09:02 : player: played "FNAF/TJOC - Phonk Remix - Itxal.mp3"
May 18 09:04 : update: added Team Fortress 2/Rocket Jump Waltz - Remix.mp3
May 18 09:04 : update: added Evan-Fong/Evan Fong - Miss Melancholy.mp3
May 18 09:04 : update: added Other/Inktale - Tokyovania Contro (NITRO Remix).mp3
May 18 09:04 : update: added Other/Ken Ashcorp - Absolute Territory.mp3
May 18 09:04 : update: added Amine/Testo.mp3
May 18 11:01 : player: played "Team Fortress 2/Rocket Jump Waltz - Remix.mp3"
May 20 07:24 : player: played "Team Fortress 2/Rocket Jump Waltz - Remix.mp3"
Jun 12 07:34 : player: played "Team Fortress 2/Rocket Jump Waltz - Remix.mp3"
Jun 15 12:24 : player: played "MetalGearRising/Collective Counsciousness.mp3"
Jun 15 12:26 : player: played "FNAF/TJOC - Phonk Remix - Itxal.mp3"
Jun 15 12:31 : player: played "Team Fortress 2/Rocket Jump Waltz - Remix.mp3"
Jun 15 12:32 : player: played "FNAF/TJOC - Phonk Remix - Itxal.mp3"
Jun 15 12:35 : player: played "FNAF/TJOC - Phonk Remix - Itxal.mp3"
Jun 15 13:28 : player: played "FNAF/TJOC - Phonk Remix - Itxal.mp3"
Jun 17 23:40 : player: played "FNAF/TJOC - Phonk Remix - Itxal.mp3"
Jun 18 21:51 : update: added Other/TIRED OF PROBLEMS.mp3
Jun 18 21:52 : update: added Other/Hadaka No Yusha.mp3
Jun 18 21:55 : update: added newer/【SimGretina ft. Kathy-chan★】Macabre Rotting Girl『Original Song』.mp3
Jun 18 22:10 : update: added newer/Lady Gaga - Government Hooker [D00nik remix]  ⧸⧸slowed.mp3
Jun 18 22:38 : update: added newer/Hadaka No Yusha.mp3
Jun 18 22:52 : update: added newer/Hadaka.mp3
Jun 18 22:59 : update: updating newer/Hadaka No Yusha.mp3
Jun 18 23:04 : update: updating Other/Hadaka No Yusha.mp3
Jun 18 23:05 : player: played "Other/TIRED OF PROBLEMS.mp3"
Jun 18 23:09 : player: played "Other/TIRED OF PROBLEMS.mp3"
Jun 18 23:12 : player: played "Other/Hadaka No Yusha.mp3"
Jun 18 23:46 : player: played "Other/TIRED OF PROBLEMS.mp3"
Jun 19 06:26 : player: played "Other/TIRED OF PROBLEMS.mp3"
Jun 19 06:26 : update: removing newer/Hadaka.mp3
Jun 19 06:26 : update: removing newer/Hadaka No Yusha.mp3
Jun 19 06:44 : player: played "Other/TIRED OF PROBLEMS.mp3"
Jun 19 21:36 : update: updating Evan Fong/Evan Fong - miss melancholy [official music video].mp3
Jun 19 21:38 : update: updating Evan Fong/Evan Fong - Spawn! [Official Music Video].mp3
Jun 19 21:38 : update: updating Evan Fong/Evan Fong - Spawn! [Instrumental].mp3
Jun 19 21:41 : update: removing newer/【SimGretina ft. Kathy-chan★】Macabre Rotting Girl『Original Song』.mp3
Jun 19 21:46 : update: updating newer/Lady Gaga - Government Hooker [D00nik remix]  ⧸⧸slowed.mp3
Jun 19 21:47 : update: removing newer/Lady Gaga - Government Hooker [D00nik remix]  ⧸⧸slowed.mp3
Jun 19 21:47 : exception: No such directory
Jun 19 21:47 : update: added Other/Lady Gaga - Government Hooker [D00nik remix]  ⧸⧸slowed.mp3
Jun 19 21:47 : update: removing Evan-Fong/Evan Fong - Miss Melancholy.mp3
Jun 19 21:49 : update: updating Other/TIRED OF PROBLEMS.mp3
Jun 19 21:50 : update: updating Arcane/Twenty One Pilots - “The Line” (from Arcane Season 2) [Official Music Video] [E2Rj2gQAyPA].mp3
Jun 19 21:51 : update: updating Arcane/Twenty One Pilots - “The Line” (from Arcane Season 2) [Official Music Video] [E2Rj2gQAyPA].mp3
Jun 19 21:52 : update: updating Arcane/Twenty One Pilots - “The Line” (from Arcane Season 2) [Official Music Video] [E2Rj2gQAyPA].mp3
Jun 19 22:04 : update: added Uma Musume/Uma Musume B.O.A.N.E - Ready! Steady! Derby!.mp3
Jun 19 22:05 : player: played "Other/Hadaka No Yusha.mp3"
Jun 19 22:10 : player: played "Uma Musume/Uma Musume B.O.A.N.E - Ready! Steady! Derby!.mp3"
Jun 19 23:31 : player: played "Uma Musume/Uma Musume B.O.A.N.E - Ready! Steady! Derby!.mp3"
Jun 20 06:01 : update: updating Uma Musume/Uma Musume B.O.A.N.E - Ready! Steady! Derby!.mp3
Jun 20 06:33 : update: added Uma Musume/Uma Musume - Umyapyoi Densetsu.mp3
Jun 20 06:45 : player: played "Uma Musume/Uma Musume B.O.A.N.E - Ready! Steady! Derby!.mp3"
Jun 20 14:39 : player: played "Uma Musume/Uma Musume B.O.A.N.E - Ready! Steady! Derby!.mp3"
Jun 20 14:44 : player: played "Uma Musume/Uma Musume - Umyapyoi Densetsu.mp3"
Jun 22 21:13 : player: played "Uma Musume/Uma Musume - Umyapyoi Densetsu.mp3"
Jun 24 19:29 : player: played "FNAF/_STAY CALM_ - FIVE NIGHTS AT FREDDY'S SONG _ by Griffinilla.mp3"
Jun 24 23:36 : player: played "Uma Musume/Uma Musume - Umyapyoi Densetsu.mp3"
Jun 25 18:23 : player: played "Uma Musume/Uma Musume - Umyapyoi Densetsu.mp3"
Jun 25 18:27 : player: played "FNAF/_STAY CALM_ - FIVE NIGHTS AT FREDDY'S SONG _ by Griffinilla.mp3"
Jun 25 18:30 : player: played "FNAF/FNAF 2 SONG _ __The Puppet__ by GatoPaint [Official Lyric Video] (128kbps).mp3"
Jun 30 23:01 : player: played "Amine/Guitar, Loneliness and Blue Planet (128kbps).mp3"
Jun 30 23:04 : player: played "Amine/FZMZ feat. icy - Danger Danger (Lyric Video) [Yz5EHpFxxU4].mp3"
Jun 30 23:09 : player: played "Waterflame/Deludebeats.mp3"
Jun 30 23:11 : player: played "FNAF/Voices From The Pit (Into The Pit game credits song).mp3"
Jun 30 23:15 : player: played "FNAF/Aviators - Mechanical Instinct (Five Nights at Freddy_'s 2 Song) (128kbps).mp3"
Jun 30 23:19 : player: played "Uma Musume/Uma Musume B.O.A.N.E - Ready! Steady! Derby!.mp3"
Jun 30 23:23 : player: played "The Living Tombstone/Discord (Remix) - Eurobeat Brony (128kbps).mp3"
Jun 30 23:25 : player: played "The Living Tombstone/The Living Tombstone - Join Us for a Bite Remix (128kbps).mp3"
Jun 30 23:29 : player: played "The Living Tombstone/Five Nights At Freddy_'s SB Song - This Comes From Inside - The Living Tombstone (128kbps).mp3"
Jun 30 23:33 : player: played "Sonic/Endless Possibility - Sonic Unleashed[OST].mp3"
Jun 30 23:37 : player: played "Amine/If I could be a constellation (128kbps).mp3"
Jun 30 23:41 : player: played "Amine/Viral_'s Theme (Nikopol) with lyrics (256kbps).mp3"
Jun 30 23:43 : player: played "MetalGearRising/The Hot Wind Blowing.mp3"
Jun 30 23:45 : player: played "MetalGearRising/The Stains Of Time.mp3"
Jun 30 23:48 : player: played "MetalGearRising/A Stranger I Remain.mp3"
Jun 30 23:51 : player: played "The Living Tombstone/The Living Tombstone - I Wanna Be A Machine (in Beat Saber OST 5_) [BOEm1ZmvTCs].mp3"
Jun 30 23:53 : player: played "Undertale_Deltarune/Deltarune OST_ 30 - Chaos King (128kbps).mp3"
Jun 30 23:56 : player: played "Undertale_Deltarune/Deltarune OST_ 13 - Field of Hopes and Dreams (128kbps).mp3"
Jun 30 23:58 : player: played "Undertale_Deltarune/A CYBER_'S WORLD (128kbps).mp3"
Jul 01 00:02 : player: played "Amine/Guitar, Loneliness and Blue Planet (128kbps).mp3"
Jul 01 00:06 : player: played "Amine/FZMZ feat. icy - Danger Danger (Lyric Video) [Yz5EHpFxxU4].mp3"
Jul 01 00:11 : player: played "Waterflame/Deludebeats.mp3"
Jul 01 00:12 : player: played "FNAF/Voices From The Pit (Into The Pit game credits song).mp3"
Jul 02 00:16 : player: played "FNAF/Voices From The Pit (Into The Pit game credits song).mp3"
Jul 02 00:24 : player: played "Waterflame/Deludebeats.mp3"
Jul 02 00:34 : player: played "Waterflame/Deludebeats.mp3"
Jul 02 00:46 : player: played "Waterflame/Deludebeats.mp3"
Jul 02 00:49 : player: played "Amine/FZMZ feat. icy - Danger Danger (Lyric Video) [Yz5EHpFxxU4].mp3"
Jul 02 07:39 : player: played "Amine/FZMZ feat. icy - Danger Danger (Lyric Video) [Yz5EHpFxxU4].mp3"
Jul 02 08:09 : player: played "FNAF/Aviators - Mechanical Instinct (Five Nights at Freddy_'s 2 Song) (128kbps).mp3"
Jul 02 08:09 : player: played "Uma Musume/Uma Musume B.O.A.N.E - Ready! Steady! Derby!.mp3"
Jul 02 08:16 : player: played "Uma Musume/Uma Musume B.O.A.N.E - Ready! Steady! Derby!.mp3"
Jul 02 15:59 : player: played "FNAF/TJOC - Phonk Remix - Itxal.mp3"
Jul 02 16:02 : player: played "FNAF/TJOC - Phonk Remix - Itxal.mp3"
Jul 02 16:05 : player: played "FNAF/TJOC - Phonk Remix - Itxal.mp3"
Jul 02 16:08 : player: played "FNAF/TJOC - Phonk Remix - Itxal.mp3"
Jul 02 16:11 : player: played "FNAF/TJOC - Phonk Remix - Itxal.mp3"
Jul 02 16:15 : player: played "FNAF/TJOC - Phonk Remix - Itxal.mp3"
Jul 02 16:18 : player: played "FNAF/TJOC - Phonk Remix - Itxal.mp3"
Jul 02 16:21 : player: played "FNAF/TJOC - Phonk Remix - Itxal.mp3"
Jul 02 16:24 : player: played "FNAF/TJOC - Phonk Remix - Itxal.mp3"
Jul 02 16:27 : player: played "FNAF/TJOC - Phonk Remix - Itxal.mp3"
Jul 02 16:30 : player: played "FNAF/TJOC - Phonk Remix - Itxal.mp3"
Jul 02 16:33 : player: played "FNAF/TJOC - Phonk Remix - Itxal.mp3"
Jul 02 16:36 : player: played "FNAF/TJOC - Phonk Remix - Itxal.mp3"
Jul 02 16:39 : player: played "FNAF/TJOC - Phonk Remix - Itxal.mp3"
Jul 02 16:42 : player: played "FNAF/TJOC - Phonk Remix - Itxal.mp3"
Jul 02 16:45 : player: played "FNAF/TJOC - Phonk Remix - Itxal.mp3"
Jul 02 16:49 : player: played "FNAF/TJOC - Phonk Remix - Itxal.mp3"
Jul 02 16:52 : player: played "FNAF/TJOC - Phonk Remix - Itxal.mp3"
Jul 02 16:55 : player: played "FNAF/TJOC - Phonk Remix - Itxal.mp3"
Jul 02 16:58 : player: played "FNAF/TJOC - Phonk Remix - Itxal.mp3"
Jul 02 17:01 : player: played "FNAF/TJOC - Phonk Remix - Itxal.mp3"
Jul 02 17:04 : player: played "FNAF/TJOC - Phonk Remix - Itxal.mp3"
Jul 02 17:07 : player: played "FNAF/TJOC - Phonk Remix - Itxal.mp3"
Jul 02 17:10 : player: played "FNAF/TJOC - Phonk Remix - Itxal.mp3"
Jul 02 17:13 : player: played "FNAF/TJOC - Phonk Remix - Itxal.mp3"
Jul 02 17:16 : player: played "FNAF/TJOC - Phonk Remix - Itxal.mp3"
Jul 02 17:19 : player: played "FNAF/TJOC - Phonk Remix - Itxal.mp3"
Jul 02 17:22 : player: played "FNAF/TJOC - Phonk Remix - Itxal.mp3"
Jul 02 17:26 : player: played "FNAF/TJOC - Phonk Remix - Itxal.mp3"
Jul 02 17:29 : player: played "FNAF/TJOC - Phonk Remix - Itxal.mp3"
Jul 02 17:32 : player: played "FNAF/TJOC - Phonk Remix - Itxal.mp3"
Jul 02 17:35 : player: played "FNAF/TJOC - Phonk Remix - Itxal.mp3"
Jul 02 17:38 : player: played "FNAF/TJOC - Phonk Remix - Itxal.mp3"
Jul 02 17:41 : player: played "FNAF/TJOC - Phonk Remix - Itxal.mp3"
Jul 02 17:44 : player: played "FNAF/TJOC - Phonk Remix - Itxal.mp3"
Jul 02 17:47 : player: played "FNAF/TJOC - Phonk Remix - Itxal.mp3"
Jul 02 17:50 : player: played "FNAF/TJOC - Phonk Remix - Itxal.mp3"
Jul 02 17:53 : player: played "FNAF/TJOC - Phonk Remix - Itxal.mp3"
Jul 02 17:56 : player: played "FNAF/TJOC - Phonk Remix - Itxal.mp3"
Jul 02 18:00 : player: played "FNAF/TJOC - Phonk Remix - Itxal.mp3"
Jul 02 18:03 : player: played "FNAF/TJOC - Phonk Remix - Itxal.mp3"
Jul 02 18:06 : player: played "FNAF/TJOC - Phonk Remix - Itxal.mp3"
Jul 02 18:09 : player: played "FNAF/TJOC - Phonk Remix - Itxal.mp3"
Jul 02 18:10 : player: played "FNAF/TJOC - Phonk Remix - Itxal.mp3"
Aug 06 22:20 : player: played "FNAF/TJOC - Phonk Remix - Itxal.mp3"
Aug 06 22:20 : player: played "FNAF/TJOC - Phonk Remix - Itxal.mp3"
Aug 07 10:14 : player: played "FNAF/TJOC - Phonk Remix - Itxal.mp3"
Aug 07 10:14 : player: played "Other/Inktale - Tokyovania Contro (NITRO Remix).mp3"
Aug 07 10:18 : player: played "FNAF/TJOC - Phonk Remix - Itxal.mp3"
Aug 07 10:21 : player: played "FNAF/TJOC - Phonk Remix - Itxal.mp3"
Aug 07 10:24 : player: played "FNAF/TJOC - Phonk Remix - Itxal.mp3"
Aug 07 10:27 : player: played "FNAF/TJOC - Phonk Remix - Itxal.mp3"
Aug 07 10:30 : player: played "FNAF/TJOC - Phonk Remix - Itxal.mp3"
Aug 07 10:33 : player: played "FNAF/TJOC - Phonk Remix - Itxal.mp3"
Aug 07 10:36 : player: played "FNAF/TJOC - Phonk Remix - Itxal.mp3"
Aug 07 10:39 : player: played "FNAF/TJOC - Phonk Remix - Itxal.mp3"
Aug 07 10:42 : player: played "FNAF/TJOC - Phonk Remix - Itxal.mp3"
Aug 07 10:45 : player: played "FNAF/TJOC - Phonk Remix - Itxal.mp3"
Aug 07 10:48 : player: played "FNAF/TJOC - Phonk Remix - Itxal.mp3"
Aug 07 10:51 : player: played "FNAF/TJOC - Phonk Remix - Itxal.mp3"
Aug 07 10:54 : player: played "FNAF/TJOC - Phonk Remix - Itxal.mp3"
Aug 07 10:58 : player: played "FNAF/TJOC - Phonk Remix - Itxal.mp3"
Aug 07 11:01 : player: played "FNAF/TJOC - Phonk Remix - Itxal.mp3"
Aug 07 11:04 : player: played "FNAF/TJOC - Phonk Remix - Itxal.mp3"
Aug 07 11:05 : player: played "FNAF/TJOC - Phonk Remix - Itxal.mp3"
Aug 08 21:49 : player: played "FNAF/TJOC - Phonk Remix - Itxal.mp3"
Aug 09 08:40 : player: played "FNAF/TJOC - Phonk Remix - Itxal.mp3"
Aug 09 08:42 : player: played "FNAF/TJOC - Phonk Remix - Itxal.mp3"
Aug 09 08:46 : player: played "FNAF/TJOC - Phonk Remix - Itxal.mp3"
Aug 09 08:46 : player: played "FNAF/TJOC - Phonk Remix - Itxal.mp3"
Aug 09 08:49 : player: played "FNAF/TJOC - Phonk Remix - Itxal.mp3"
Aug 09 08:51 : player: played "FNAF/TJOC - Phonk Remix - Itxal.mp3"
Aug 09 08:58 : update: added Neco-Arc/nyanyajo~-(neco-arc)-made-with-Voicemod.mp3
Aug 09 08:58 : update: added Neco-Arc/bibibi-made-with-Voicemod.mp3
Aug 09 08:58 : update: added Neco-Arc/neco-arc-nyanyanyaa!-made-with-Voicemod.mp3
Aug 09 08:58 : update: added Neco-Arc/neco-arc-made-with-Voicemod.mp3
Aug 09 08:58 : update: added Neco-Arc/vine-boom---sfx-1.0-made-with-Voicemod.mp3
Aug 09 08:58 : update: added Neco-Arc/nnnnnnnnnnnyaaaaaaaaaaaa-made-with-Voicemod.mp3
Aug 09 08:58 : update: added Neco-Arc/neco-arc-i-got-a-glock-in-my-rari-(679)-[-ai-cover-]-made-with-Voicemod.mp3
Aug 09 08:58 : update: added Neco-Arc/neco-arc-burger-king-made-with-Voicemod.mp3
Aug 09 08:58 : update: added Neco-Arc/neco-arc-мой-мяумерладный-(speed-up)-(neco-arc-ai-cover)-made-with-Voicemod.mp3
Aug 09 08:58 : update: added Neco-Arc/neco-arc-nyanyanya-made-with-Voicemod.mp3
Aug 09 08:58 : update: added Neco-Arc/vine-boom-made-with-Voicemod.mp3
Aug 09 08:58 : update: added Neco-Arc/neco-arc-is-mean-now-grr-made-with-Voicemod.mp3
Aug 09 08:58 : update: added Neco-Arc/neco-arc-many-nyas-made-with-Voicemod.mp3
Aug 09 08:58 : update: added Neco-Arc/neco-arc-nyaggaa-made-with-Voicemod.mp3
Aug 09 08:58 : update: added Neco-Arc/neco-arc-promise-made-with-Voicemod.mp3
Aug 09 08:58 : update: added Neco-Arc/a-thousand-miles-neco-arc-(full-version)-made-with-Voicemod.mp3
Aug 09 08:58 : update: added Neco-Arc/neco-arc-nya!-made-with-Voicemod.mp3
Aug 09 08:58 : update: added Other/PASSO BEM SOLTO.mp3
Aug 09 08:58 : update: added Other/Megalophonk - Magentium.mp3
Aug 09 08:58 : update: added Other/Sonne [SLOWED].mp3
Aug 09 08:58 : update: added Other/Sleepwalker(slowed) - akiaura.mp3
Aug 09 08:58 : update: added Other/I Can Talk - TDCC.mp3
Aug 09 08:58 : update: added Other/WAKE UP.mp3
Aug 09 08:58 : update: added Other/One Chance - MoonDeity, Interworld.mp3
Aug 09 08:58 : update: updating Other/Paranoia - KENTENSHI.mp3
Aug 09 08:58 : update: added Other/MANUEL - GAS GAS GAS.mp3
Aug 09 08:58 : update: added Other/NEON BLADE - MoonDeity.mp3
Aug 09 08:58 : update: added Other/Tuca Donka.mp3
Aug 09 09:06 : player: played "Uma Musume/Uma Musume B.O.A.N.E - Ready! Steady! Derby!.mp3"
Aug 09 09:27 : update: added Uma Musume/Koeru.mp3
Aug 09 09:27 : update: added Uma Musume/Koeru - Cinderella Gray OP.mp3
Aug 09 11:05 : update: removing Uma Musume/Koeru - Cinderella Gray OP.mp3
Aug 09 11:05 : update: removing Uma Musume/Koeru.mp3
Aug 09 11:05 : update: added Uma Musume/KOERU - Cinderella Gray.mp3
Aug 09 11:05 : update: added Uma Musume/BRIGHTEST HEART.mp3
Aug 09 11:05 : update: added Uma Musume/.mp3.mp3
Aug 09 11:05 : update: updating Uma Musume/Uma Musume B.O.A.N.E - Ready! Steady! Derby!.mp3
Aug 09 11:05 : update: removing Uma Musume/.mp3.mp3
Aug 09 11:05 : player: played "Uma Musume/BRIGHTEST HEART.mp3"
Aug 09 11:08 : player: played "Uma Musume/BRIGHTEST HEART.mp3"
Aug 09 11:11 : player: played "Uma Musume/BRIGHTEST HEART.mp3"
Aug 09 11:13 : player: played "Uma Musume/BRIGHTEST HEART.mp3"
Aug 09 11:27 : player: played "Uma Musume/BRIGHTEST HEART.mp3"
Aug 09 11:35 : player: played "Uma Musume/BRIGHTEST HEART.mp3"
Aug 10 10:51 : player: played "Uma Musume/BRIGHTEST HEART.mp3"
Aug 10 11:15 : update: updating Uma Musume/BRIGHTEST HEART.mp3
Aug 10 11:15 : update: added Uma Musume/.mp3.mp3
Aug 10 11:19 : player: played "Uma Musume/BRIGHTEST HEART.mp3"
Aug 11 18:59 : player: played "Other/Megalophonk - Magentium.mp3"
Aug 11 18:59 : player: played "Other/Megalophonk - Magentium.mp3"
Aug 11 19:13 : player: played "Other/WAKE UP.mp3"
Aug 11 19:13 : player: played "Other/WAKE UP.mp3"
Aug 11 19:21 : player: played "Other/One Chance - MoonDeity, Interworld.mp3"
Aug 11 19:21 : player: played "Other/One Chance - MoonDeity, Interworld.mp3"
Aug 11 19:25 : player: played "Other/PASSO BEM SOLTO.mp3"
Aug 14 12:18 : update: removing Uma Musume/.mp3.mp3
Aug 14 12:18 : player: played "Uma Musume/Uma Musume B.O.A.N.E - Ready! Steady! Derby!.mp3"
Aug 14 12:18 : player: played "Uma Musume/KOERU - Cinderella Gray.mp3"
Aug 14 12:18 : player: played "Uma Musume/BRIGHTEST HEART.mp3"
Aug 14 12:23 : player: played "Linkin Park/Heavy Is The Crown - Linkin Park.mp3"
Aug 14 12:27 : player: played "Evan Fong/Evan Fong - Spawn! [Official Music Video].mp3"
Aug 14 12:30 : player: played "Evan Fong/Evan Fong - miss melancholy [official music video].mp3"
Aug 14 12:34 : player: played "Amine/Never forget (128kbps).mp3"
Aug 14 12:37 : player: played "Amine/That band (128kbps).mp3"
Aug 14 12:41 : player: played "Amine/FZMZ feat. icy - Danger Danger (Lyric Video) [Yz5EHpFxxU4].mp3"
Aug 14 12:42 : player: played "Other/TIRED OF PROBLEMS.mp3"
Aug 14 12:44 : player: played "Other/Untitled #13 - glwzbll.mp3"
Aug 14 12:47 : player: played "Linkin Park/Heavy Is The Crown - Linkin Park.mp3"
Aug 14 12:51 : player: played "Evan Fong/Evan Fong - Spawn! [Official Music Video].mp3"
Aug 14 12:54 : player: played "Evan Fong/Evan Fong - miss melancholy [official music video].mp3"
Aug 14 12:58 : player: played "Amine/Never forget (128kbps).mp3"
Aug 14 13:01 : player: played "Amine/That band (128kbps).mp3"
Aug 14 13:05 : player: played "Amine/FZMZ feat. icy - Danger Danger (Lyric Video) [Yz5EHpFxxU4].mp3"
Aug 14 13:07 : player: played "Other/TIRED OF PROBLEMS.mp3"
Aug 14 13:08 : player: played "Other/Untitled #13 - glwzbll.mp3"
Aug 14 13:11 : player: played "Linkin Park/Heavy Is The Crown - Linkin Park.mp3"
Aug 14 13:11 : player: played "Evan Fong/Evan Fong - Spawn! [Official Music Video].mp3"
Aug 14 13:12 : player: played "Spooky/my-sleep-music.mp3"
Aug 14 13:12 : player: played "Spooky/my-sleep-music.mp3"
Aug 14 13:13 : player: played "Spooky/my-sleep-music.mp3"
Aug 14 13:14 : player: played "Spooky/my-sleep-music.mp3"
Aug 14 13:15 : player: played "Spooky/my-sleep-music.mp3"
Aug 14 13:15 : player: played "Spooky/my-sleep-music.mp3"
Aug 14 13:16 : player: played "Spooky/my-sleep-music.mp3"
Aug 14 13:17 : player: played "Spooky/my-sleep-music.mp3"
Aug 14 13:18 : player: played "Spooky/my-sleep-music.mp3"
Aug 14 13:18 : player: played "Spooky/my-sleep-music.mp3"
Aug 14 13:19 : player: played "Spooky/my-sleep-music.mp3"
Aug 14 13:20 : player: played "Spooky/my-sleep-music.mp3"
Aug 14 13:21 : player: played "Spooky/my-sleep-music.mp3"
Aug 14 13:21 : player: played "Spooky/my-sleep-music.mp3"
Aug 14 13:22 : player: played "Spooky/my-sleep-music.mp3"
Aug 14 13:23 : player: played "Spooky/my-sleep-music.mp3"
Aug 14 13:24 : player: played "Spooky/my-sleep-music.mp3"
Aug 14 13:24 : player: played "Spooky/my-sleep-music.mp3"
Aug 14 13:25 : player: played "Spooky/my-sleep-music.mp3"
Aug 14 13:26 : player: played "Spooky/my-sleep-music.mp3"
Aug 14 13:27 : player: played "Spooky/my-sleep-music.mp3"
Aug 14 13:27 : player: played "Spooky/my-sleep-music.mp3"
Aug 14 13:28 : player: played "Spooky/my-sleep-music.mp3"
Aug 14 13:29 : player: played "Spooky/my-sleep-music.mp3"
Aug 14 13:30 : player: played "Spooky/my-sleep-music.mp3"
Aug 14 13:30 : player: played "Spooky/my-sleep-music.mp3"
Aug 14 13:31 : player: played "Spooky/my-sleep-music.mp3"
Aug 14 13:32 : player: played "Spooky/my-sleep-music.mp3"
Aug 14 13:33 : player: played "Spooky/my-sleep-music.mp3"
Aug 14 13:33 : player: played "Spooky/my-sleep-music.mp3"
Aug 14 13:34 : player: played "Spooky/my-sleep-music.mp3"
Aug 14 13:35 : player: played "Spooky/my-sleep-music.mp3"
Aug 14 13:36 : player: played "Spooky/my-sleep-music.mp3"
Aug 14 13:36 : player: played "Spooky/my-sleep-music.mp3"
Aug 14 13:37 : player: played "Spooky/my-sleep-music.mp3"
Aug 14 13:38 : player: played "Spooky/my-sleep-music.mp3"
Aug 14 13:39 : player: played "Spooky/my-sleep-music.mp3"
Aug 14 13:39 : player: played "Spooky/my-sleep-music.mp3"
Aug 14 13:40 : player: played "Spooky/my-sleep-music.mp3"
Aug 14 13:50 : player: played "Spooky/my-sleep-music.mp3"
Aug 14 13:50 : player: played "Spooky/my-sleep-music.mp3"
Aug 14 13:51 : player: played "Spooky/my-sleep-music.mp3"
Aug 14 13:52 : player: played "Spooky/my-sleep-music.mp3"
Aug 14 13:53 : player: played "Spooky/my-sleep-music.mp3"
Aug 14 13:53 : player: played "Spooky/my-sleep-music.mp3"
Aug 14 13:54 : player: played "Spooky/my-sleep-music.mp3"
Aug 14 13:55 : player: played "Spooky/my-sleep-music.mp3"
Aug 14 13:56 : player: played "Spooky/my-sleep-music.mp3"
Aug 14 13:56 : player: played "Spooky/my-sleep-music.mp3"
Aug 14 13:57 : player: played "Spooky/my-sleep-music.mp3"
Aug 14 13:58 : player: played "Spooky/my-sleep-music.mp3"
Aug 14 13:59 : player: played "Spooky/my-sleep-music.mp3"
Aug 14 13:59 : player: played "Spooky/my-sleep-music.mp3"
Aug 14 14:00 : player: played "Spooky/my-sleep-music.mp3"
Aug 14 14:01 : player: played "Spooky/my-sleep-music.mp3"
Aug 14 14:02 : player: played "Spooky/my-sleep-music.mp3"
Aug 14 14:02 : player: played "Spooky/my-sleep-music.mp3"
Aug 14 14:03 : player: played "Spooky/my-sleep-music.mp3"
Aug 14 14:04 : player: played "Spooky/my-sleep-music.mp3"
Aug 14 14:04 : player: played "Spooky/my-sleep-music.mp3"
Aug 14 14:05 : player: played "Spooky/my-sleep-music.mp3"
Aug 14 14:06 : player: played "Spooky/my-sleep-music.mp3"
Aug 14 14:07 : player: played "Spooky/my-sleep-music.mp3"
Aug 14 14:07 : player: played "Spooky/my-sleep-music.mp3"
Aug 14 14:08 : player: played "Spooky/my-sleep-music.mp3"
Aug 14 14:09 : player: played "Spooky/my-sleep-music.mp3"
Aug 14 14:10 : player: played "Spooky/my-sleep-music.mp3"
Aug 14 14:10 : player: played "Spooky/my-sleep-music.mp3"
Aug 14 14:11 : player: played "Spooky/my-sleep-music.mp3"
Aug 14 14:12 : player: played "Spooky/my-sleep-music.mp3"
Aug 14 14:13 : player: played "Spooky/my-sleep-music.mp3"
Aug 14 14:13 : player: played "Spooky/my-sleep-music.mp3"
Aug 14 14:14 : player: played "Spooky/my-sleep-music.mp3"
Aug 14 14:15 : player: played "Spooky/my-sleep-music.mp3"
Aug 14 14:16 : player: played "Spooky/my-sleep-music.mp3"
Aug 14 14:16 : player: played "Spooky/my-sleep-music.mp3"
Aug 14 14:17 : player: played "Spooky/my-sleep-music.mp3"
Aug 14 14:18 : player: played "Spooky/my-sleep-music.mp3"
Aug 14 14:19 : player: played "Spooky/my-sleep-music.mp3"
Aug 14 14:19 : player: played "Spooky/my-sleep-music.mp3"
Aug 14 14:20 : player: played "Spooky/my-sleep-music.mp3"
Aug 14 14:21 : player: played "Spooky/my-sleep-music.mp3"
Aug 14 14:22 : player: played "Spooky/my-sleep-music.mp3"
Aug 14 14:22 : player: played "Spooky/my-sleep-music.mp3"
Aug 14 14:23 : player: played "Spooky/my-sleep-music.mp3"
Aug 14 14:24 : player: played "Spooky/my-sleep-music.mp3"
Aug 14 14:25 : player: played "Spooky/my-sleep-music.mp3"
Aug 14 14:25 : player: played "Spooky/my-sleep-music.mp3"
Aug 14 14:26 : player: played "Spooky/my-sleep-music.mp3"
Aug 14 14:27 : player: played "Spooky/my-sleep-music.mp3"
Aug 14 14:28 : player: played "Spooky/my-sleep-music.mp3"
Aug 14 14:28 : player: played "Spooky/my-sleep-music.mp3"
Aug 14 14:29 : player: played "Spooky/my-sleep-music.mp3"
Aug 14 14:30 : player: played "Spooky/my-sleep-music.mp3"
Aug 14 14:30 : player: played "Spooky/my-sleep-music.mp3"
Aug 14 14:31 : player: played "Spooky/my-sleep-music.mp3"
Aug 14 14:32 : player: played "Spooky/my-sleep-music.mp3"
Aug 14 14:33 : player: played "Spooky/my-sleep-music.mp3"
Aug 14 14:33 : player: played "Spooky/my-sleep-music.mp3"
Aug 14 14:34 : player: played "Spooky/my-sleep-music.mp3"
Aug 14 14:35 : player: played "Spooky/my-sleep-music.mp3"
Aug 14 14:36 : player: played "Spooky/my-sleep-music.mp3"
Aug 14 14:36 : player: played "Spooky/my-sleep-music.mp3"
Aug 14 14:37 : player: played "Spooky/my-sleep-music.mp3"
Aug 14 14:38 : player: played "Spooky/my-sleep-music.mp3"
Aug 14 14:39 : player: played "Spooky/my-sleep-music.mp3"
Aug 14 14:39 : player: played "Spooky/my-sleep-music.mp3"
Aug 14 14:40 : player: played "Spooky/my-sleep-music.mp3"
Aug 14 14:41 : player: played "Spooky/my-sleep-music.mp3"
Aug 18 12:55 : player: played "Devil May Cry/[Full Song_Official Lyrics] Devil Trigger - Nero_'s battle theme from Devil May Cry 5 (128kbps).mp3"
Aug 18 13:15 : player: played "Spooky/my-sleep-music.mp3"
Aug 18 13:16 : player: played "Spooky/my-sleep-music.mp3"
Aug 18 13:28 : player: played "Spooky/my-sleep-music.mp3"
Aug 18 13:28 : player: played "Spooky/my-sleep-music.mp3"
Aug 18 13:29 : player: played "Spooky/my-sleep-music.mp3"
Aug 18 13:30 : player: played "Spooky/my-sleep-music.mp3"
Aug 18 13:31 : player: played "Spooky/my-sleep-music.mp3"
Aug 18 13:31 : player: played "Spooky/my-sleep-music.mp3"
Aug 18 13:32 : player: played "Spooky/my-sleep-music.mp3"
Aug 18 13:33 : player: played "Spooky/my-sleep-music.mp3"
Aug 18 13:34 : player: played "Spooky/my-sleep-music.mp3"
Aug 18 13:34 : player: played "Spooky/my-sleep-music.mp3"
Aug 18 13:35 : player: played "Spooky/my-sleep-music.mp3"
Aug 18 13:36 : player: played "Spooky/my-sleep-music.mp3"
Aug 18 13:37 : player: played "Spooky/my-sleep-music.mp3"
Aug 18 13:37 : player: played "Spooky/my-sleep-music.mp3"
Aug 18 13:38 : player: played "Spooky/my-sleep-music.mp3"
Aug 18 13:39 : player: played "Spooky/my-sleep-music.mp3"
Aug 18 13:40 : player: played "Spooky/my-sleep-music.mp3"
Aug 18 13:40 : player: played "Spooky/my-sleep-music.mp3"
Aug 18 13:41 : player: played "Spooky/my-sleep-music.mp3"
Aug 18 13:42 : player: played "Spooky/my-sleep-music.mp3"
Aug 18 13:43 : player: played "Spooky/my-sleep-music.mp3"
Aug 18 13:43 : player: played "Spooky/my-sleep-music.mp3"
Aug 18 13:44 : player: played "Spooky/my-sleep-music.mp3"
Aug 18 13:45 : player: played "Spooky/my-sleep-music.mp3"
Aug 18 13:45 : player: played "Spooky/my-sleep-music.mp3"
Aug 18 13:46 : player: played "Spooky/my-sleep-music.mp3"
Aug 18 13:47 : player: played "Spooky/my-sleep-music.mp3"
Aug 18 13:48 : player: played "Spooky/my-sleep-music.mp3"
Aug 18 13:48 : player: played "Spooky/my-sleep-music.mp3"
Aug 18 13:49 : player: played "Spooky/my-sleep-music.mp3"
Aug 18 13:50 : player: played "Spooky/my-sleep-music.mp3"
Aug 18 13:51 : player: played "Spooky/my-sleep-music.mp3"
Aug 18 13:51 : player: played "Spooky/my-sleep-music.mp3"
Aug 18 13:52 : player: played "Spooky/my-sleep-music.mp3"
Aug 18 13:53 : player: played "Spooky/my-sleep-music.mp3"
Aug 18 13:54 : player: played "Spooky/my-sleep-music.mp3"
Aug 18 13:54 : player: played "Spooky/my-sleep-music.mp3"
Aug 18 13:55 : player: played "Spooky/my-sleep-music.mp3"
Aug 18 13:56 : player: played "Spooky/my-sleep-music.mp3"
Aug 18 13:57 : player: played "Spooky/my-sleep-music.mp3"
Aug 18 13:57 : player: played "Spooky/my-sleep-music.mp3"
Aug 18 13:58 : player: played "Spooky/my-sleep-music.mp3"
Aug 18 16:47 : player: played "Spooky/my-sleep-music.mp3"
Aug 18 16:47 : player: played "Spooky/my-sleep-music.mp3"
Aug 18 16:48 : player: played "Spooky/my-sleep-music.mp3"
Aug 18 16:49 : player: played "Spooky/my-sleep-music.mp3"
Aug 18 16:50 : player: played "Spooky/my-sleep-music.mp3"
Aug 18 16:50 : player: played "Spooky/my-sleep-music.mp3"
Aug 18 16:51 : player: played "Spooky/my-sleep-music.mp3"
Aug 18 16:52 : player: played "Spooky/my-sleep-music.mp3"
Aug 18 16:53 : player: played "Spooky/my-sleep-music.mp3"
Aug 18 16:53 : player: played "Spooky/my-sleep-music.mp3"
Aug 18 16:54 : player: played "Spooky/my-sleep-music.mp3"
Aug 18 16:55 : player: played "Spooky/my-sleep-music.mp3"
Aug 18 16:56 : player: played "Spooky/my-sleep-music.mp3"
Aug 18 16:56 : player: played "Spooky/my-sleep-music.mp3"
Aug 18 16:57 : player: played "Spooky/my-sleep-music.mp3"
Aug 18 16:58 : player: played "Spooky/my-sleep-music.mp3"
Aug 18 16:59 : player: played "Spooky/my-sleep-music.mp3"
Aug 18 16:59 : player: played "Spooky/my-sleep-music.mp3"
Aug 18 17:00 : player: played "Spooky/my-sleep-music.mp3"
Aug 18 17:01 : player: played "Spooky/my-sleep-music.mp3"
Aug 18 17:01 : player: played "Spooky/my-sleep-music.mp3"
Aug 18 17:02 : player: played "Spooky/my-sleep-music.mp3"
Aug 18 17:03 : player: played "Spooky/my-sleep-music.mp3"
Aug 18 17:04 : player: played "Spooky/my-sleep-music.mp3"
Aug 18 17:04 : player: played "Spooky/my-sleep-music.mp3"
Aug 18 17:05 : player: played "Spooky/my-sleep-music.mp3"
Aug 18 17:06 : player: played "Spooky/my-sleep-music.mp3"
Aug 18 17:07 : player: played "Spooky/my-sleep-music.mp3"
Aug 18 17:07 : player: played "Spooky/my-sleep-music.mp3"
Aug 18 17:08 : player: played "Spooky/my-sleep-music.mp3"
Aug 18 17:09 : player: played "Spooky/my-sleep-music.mp3"
Aug 18 17:10 : player: played "Spooky/my-sleep-music.mp3"
Aug 18 17:10 : player: played "Spooky/my-sleep-music.mp3"
Aug 18 17:11 : player: played "Spooky/my-sleep-music.mp3"
Aug 18 17:12 : player: played "Spooky/my-sleep-music.mp3"
Aug 18 17:13 : player: played "Spooky/my-sleep-music.mp3"
Aug 18 17:13 : player: played "Spooky/my-sleep-music.mp3"
Aug 18 17:14 : player: played "Spooky/my-sleep-music.mp3"
Aug 18 17:15 : player: played "Spooky/my-sleep-music.mp3"
Aug 18 17:16 : player: played "Spooky/my-sleep-music.mp3"
Aug 18 17:16 : player: played "Spooky/my-sleep-music.mp3"
Aug 18 17:17 : player: played "Spooky/my-sleep-music.mp3"
Aug 18 17:18 : player: played "Spooky/my-sleep-music.mp3"
Aug 18 17:19 : player: played "Spooky/my-sleep-music.mp3"
Aug 18 17:19 : player: played "Spooky/my-sleep-music.mp3"
Aug 18 17:20 : player: played "Spooky/my-sleep-music.mp3"
Aug 18 17:21 : player: played "Spooky/my-sleep-music.mp3"
Aug 18 17:22 : player: played "Spooky/my-sleep-music.mp3"
Aug 18 17:22 : player: played "Spooky/my-sleep-music.mp3"
Aug 18 17:23 : player: played "Spooky/my-sleep-music.mp3"
Aug 18 17:24 : player: played "Spooky/my-sleep-music.mp3"
Aug 18 17:25 : player: played "Spooky/my-sleep-music.mp3"
Aug 18 17:25 : player: played "Spooky/my-sleep-music.mp3"
Aug 18 17:26 : player: played "Spooky/my-sleep-music.mp3"
Aug 18 17:27 : player: played "Spooky/my-sleep-music.mp3"
Aug 18 17:27 : player: played "Spooky/my-sleep-music.mp3"
Aug 18 17:28 : player: played "Spooky/my-sleep-music.mp3"
Aug 18 17:29 : player: played "Spooky/my-sleep-music.mp3"
Aug 18 17:30 : player: played "Spooky/my-sleep-music.mp3"
Aug 18 17:31 : player: played "Spooky/my-sleep-music.mp3"
Aug 18 17:31 : player: played "Spooky/my-sleep-music.mp3"
Aug 18 17:32 : player: played "Spooky/my-sleep-music.mp3"
Aug 18 17:32 : player: played "Spooky/my-sleep-music.mp3"
Aug 18 23:09 : player: played "Spooky/my-sleep-music.mp3"
Aug 18 23:10 : player: played "Spooky/my-sleep-music.mp3"
Aug 18 23:10 : player: played "Spooky/my-sleep-music.mp3"
Aug 18 23:11 : player: played "Spooky/my-sleep-music.mp3"
Aug 18 23:12 : player: played "Spooky/my-sleep-music.mp3"
Aug 18 23:12 : player: played "Spooky/my-sleep-music.mp3"
Aug 18 23:13 : player: played "Spooky/my-sleep-music.mp3"
Aug 18 23:14 : player: played "Spooky/my-sleep-music.mp3"
Aug 18 23:15 : player: played "Spooky/my-sleep-music.mp3"
Aug 18 23:15 : player: played "Spooky/my-sleep-music.mp3"
Aug 18 23:16 : player: played "Spooky/my-sleep-music.mp3"
Aug 18 23:17 : player: played "Spooky/my-sleep-music.mp3"
Aug 18 23:18 : player: played "Spooky/my-sleep-music.mp3"
Aug 18 23:18 : player: played "Spooky/my-sleep-music.mp3"
Aug 18 23:19 : player: played "Spooky/my-sleep-music.mp3"
Aug 18 23:20 : player: played "Spooky/my-sleep-music.mp3"
Aug 18 23:21 : player: played "Spooky/my-sleep-music.mp3"
Aug 18 23:21 : player: played "Spooky/my-sleep-music.mp3"
Aug 18 23:22 : player: played "Spooky/my-sleep-music.mp3"
Aug 18 23:23 : player: played "Spooky/my-sleep-music.mp3"
Aug 18 23:24 : player: played "Spooky/my-sleep-music.mp3"
Aug 18 23:24 : player: played "Spooky/my-sleep-music.mp3"
Aug 18 23:25 : player: played "Spooky/my-sleep-music.mp3"
Aug 18 23:26 : player: played "Spooky/my-sleep-music.mp3"
Aug 18 23:27 : player: played "Spooky/my-sleep-music.mp3"
Aug 18 23:27 : player: played "Spooky/my-sleep-music.mp3"
Aug 18 23:28 : player: played "Spooky/my-sleep-music.mp3"
Aug 18 23:29 : player: played "Spooky/my-sleep-music.mp3"
Aug 18 23:30 : player: played "Spooky/my-sleep-music.mp3"
Aug 18 23:30 : player: played "Spooky/my-sleep-music.mp3"
Aug 18 23:31 : player: played "Spooky/my-sleep-music.mp3"
Aug 18 23:32 : player: played "Spooky/my-sleep-music.mp3"
Aug 18 23:33 : player: played "Spooky/my-sleep-music.mp3"
Aug 18 23:33 : player: played "Spooky/my-sleep-music.mp3"
Aug 18 23:34 : player: played "Spooky/my-sleep-music.mp3"
Aug 18 23:35 : player: played "Spooky/my-sleep-music.mp3"
Aug 18 23:35 : player: played "Spooky/my-sleep-music.mp3"
Aug 18 23:36 : player: played "Spooky/my-sleep-music.mp3"
Aug 18 23:37 : player: played "Spooky/my-sleep-music.mp3"
Aug 18 23:38 : player: played "Spooky/my-sleep-music.mp3"
Aug 18 23:38 : player: played "Spooky/my-sleep-music.mp3"
Aug 18 23:39 : player: played "Spooky/my-sleep-music.mp3"
Aug 18 23:40 : player: played "Spooky/my-sleep-music.mp3"
Aug 18 23:41 : player: played "Spooky/my-sleep-music.mp3"
Aug 18 23:41 : player: played "Spooky/my-sleep-music.mp3"
Aug 18 23:42 : player: played "Spooky/my-sleep-music.mp3"
Aug 18 23:43 : player: played "Spooky/my-sleep-music.mp3"
Aug 18 23:44 : player: played "Spooky/my-sleep-music.mp3"
Aug 18 23:44 : player: played "Spooky/my-sleep-music.mp3"
Aug 18 23:45 : player: played "Spooky/my-sleep-music.mp3"
Aug 18 23:46 : player: played "Spooky/my-sleep-music.mp3"
Aug 18 23:47 : player: played "Spooky/my-sleep-music.mp3"
Aug 18 23:47 : player: played "Spooky/my-sleep-music.mp3"
Aug 18 23:48 : player: played "Spooky/my-sleep-music.mp3"
Aug 18 23:49 : player: played "Spooky/my-sleep-music.mp3"
Aug 18 23:50 : player: played "Spooky/my-sleep-music.mp3"
Aug 18 23:50 : player: played "Spooky/my-sleep-music.mp3"
Aug 18 23:51 : player: played "Spooky/my-sleep-music.mp3"
Aug 18 23:52 : player: played "Spooky/my-sleep-music.mp3"
Aug 18 23:53 : player: played "Spooky/my-sleep-music.mp3"
Aug 18 23:53 : player: played "Spooky/my-sleep-music.mp3"
Aug 18 23:54 : player: played "Spooky/my-sleep-music.mp3"
Aug 18 23:55 : player: played "Spooky/my-sleep-music.mp3"
Aug 18 23:56 : player: played "Spooky/my-sleep-music.mp3"
Aug 18 23:56 : player: played "Spooky/my-sleep-music.mp3"
Aug 18 23:57 : player: played "Spooky/my-sleep-music.mp3"
Aug 18 23:58 : player: played "Spooky/my-sleep-music.mp3"
Aug 18 23:59 : player: played "Spooky/my-sleep-music.mp3"
Aug 18 23:59 : player: played "Spooky/my-sleep-music.mp3"
Aug 19 00:00 : player: played "Spooky/my-sleep-music.mp3"
Aug 19 00:01 : player: played "Spooky/my-sleep-music.mp3"
Aug 19 00:01 : player: played "Spooky/my-sleep-music.mp3"
Aug 19 00:02 : player: played "Spooky/my-sleep-music.mp3"
Aug 19 00:03 : player: played "Spooky/my-sleep-music.mp3"
Aug 19 00:04 : player: played "Spooky/my-sleep-music.mp3"
Aug 19 00:04 : player: played "Spooky/my-sleep-music.mp3"
Aug 19 00:05 : player: played "Spooky/my-sleep-music.mp3"
Aug 19 00:06 : player: played "Spooky/my-sleep-music.mp3"
Aug 19 00:07 : player: played "Spooky/my-sleep-music.mp3"
Aug 19 00:07 : player: played "Spooky/my-sleep-music.mp3"
Aug 24 14:13 : update: added Uma Musume/BACK2BACK (Slowed).mp3
Aug 24 14:13 : update: removing Other/BACK2BACK (128kbps).mp3
Aug 24 14:13 : update: removing Other/NEON BLADE - MoonDeity.mp3
Aug 24 14:13 : update: removing Other/Megalophonk - Magentium.mp3
Aug 24 14:13 : update: removing Other/One Chance - MoonDeity, Interworld.mp3
Aug 24 14:13 : update: removing Other/PASSO BEM SOLTO.mp3
Aug 24 14:13 : update: removing Other/TIRED OF PROBLEMS.mp3
Aug 24 14:13 : update: removing Other/Tuca Donka.mp3
Aug 24 14:13 : update: removing Other/Untitled #13 - glwzbll.mp3
Aug 24 14:13 : update: removing Other/WAKE UP.mp3
Aug 24 14:13 : update: added Phonky/Gigachad Remix.mp3
Aug 24 14:13 : update: added Phonky/PASSO BEM SOLTO.mp3
Aug 24 14:13 : update: added Phonky/Megalophonk - Magentium.mp3
Aug 24 14:13 : update: added Phonky/TIRED OF PROBLEMS.mp3
Aug 24 14:13 : update: added Phonky/AFTERLIFE (Slowed+Reverb).mp3
Aug 24 14:13 : update: added Phonky/WAKE UP.mp3
Aug 24 14:13 : update: added Phonky/One Chance - MoonDeity, Interworld.mp3
Aug 24 14:13 : update: added Phonky/Untitled #13 - glwzbll.mp3
Aug 24 14:13 : update: added Phonky/BACK2BACK (128kbps).mp3
Aug 24 14:13 : update: added Phonky/NEON BLADE - MoonDeity.mp3
Aug 24 14:13 : update: added Phonky/Tuca Donka.mp3
Aug 24 14:17 : player: played "Phonky/AFTERLIFE (Slowed+Reverb).mp3"
Aug 24 14:21 : player: played "Phonky/AFTERLIFE (Slowed+Reverb).mp3"
Aug 24 14:40 : player: played "Phonky/AFTERLIFE (Slowed+Reverb).mp3"
Aug 24 14:43 : player: played "Phonky/AFTERLIFE (Slowed+Reverb).mp3"
Aug 24 14:47 : player: played "Phonky/AFTERLIFE (Slowed+Reverb).mp3"
Aug 24 14:51 : player: played "Phonky/AFTERLIFE (Slowed+Reverb).mp3"
Aug 24 14:55 : player: played "Phonky/AFTERLIFE (Slowed+Reverb).mp3"
Aug 24 14:58 : player: played "Phonky/AFTERLIFE (Slowed+Reverb).mp3"
Aug 24 15:02 : player: played "Phonky/AFTERLIFE (Slowed+Reverb).mp3"
Aug 24 15:05 : player: played "Phonky/AFTERLIFE (Slowed+Reverb).mp3"
Oct 04 16:42 : player: played "Phonky/AFTERLIFE (Slowed+Reverb).mp3"
Oct 04 16:46 : player: played "Phonky/AFTERLIFE (Slowed+Reverb).mp3"
Oct 04 16:50 : player: played "Phonky/AFTERLIFE (Slowed+Reverb).mp3"
Oct 04 16:54 : player: played "Phonky/AFTERLIFE (Slowed+Reverb).mp3"
Oct 04 16:57 : player: played "Phonky/AFTERLIFE (Slowed+Reverb).mp3"
Oct 04 17:01 : player: played "Phonky/AFTERLIFE (Slowed+Reverb).mp3"
Oct 04 17:05 : player: played "Phonky/AFTERLIFE (Slowed+Reverb).mp3"
Oct 04 17:09 : player: played "Phonky/AFTERLIFE (Slowed+Reverb).mp3"
Oct 04 17:12 : player: played "Phonky/AFTERLIFE (Slowed+Reverb).mp3"
Oct 04 17:16 : player: played "Phonky/AFTERLIFE (Slowed+Reverb).mp3"
Oct 04 17:20 : player: played "Phonky/AFTERLIFE (Slowed+Reverb).mp3"
Oct 04 17:24 : player: played "Phonky/AFTERLIFE (Slowed+Reverb).mp3"
Oct 04 17:28 : player: played "Phonky/AFTERLIFE (Slowed+Reverb).mp3"
Oct 04 17:31 : player: played "Phonky/AFTERLIFE (Slowed+Reverb).mp3"
Oct 04 17:35 : player: played "Phonky/AFTERLIFE (Slowed+Reverb).mp3"
Oct 04 17:39 : player: played "Phonky/AFTERLIFE (Slowed+Reverb).mp3"
Oct 04 17:43 : player: played "Phonky/AFTERLIFE (Slowed+Reverb).mp3"
Oct 04 17:45 : update: updating Phonky/AFTERLIFE (Slowed+Reverb).mp3
Oct 04 17:46 : player: played "Phonky/AFTERLIFE (Slowed+Reverb).mp3"
Oct 04 17:50 : player: played "Phonky/AFTERLIFE (Slowed+Reverb).mp3"
Oct 04 17:54 : player: played "Phonky/AFTERLIFE (Slowed+Reverb).mp3"
Oct 04 17:58 : player: played "Phonky/AFTERLIFE (Slowed+Reverb).mp3"
Oct 04 18:02 : player: played "Phonky/AFTERLIFE (Slowed+Reverb).mp3"
Oct 04 18:05 : player: played "Phonky/AFTERLIFE (Slowed+Reverb).mp3"
Oct 04 18:09 : player: played "Phonky/AFTERLIFE (Slowed+Reverb).mp3"
Oct 04 18:11 : player: played "Phonky/AFTERLIFE (Slowed+Reverb).mp3"
Oct 07 16:02 : player: played "Phonky/AFTERLIFE (Slowed+Reverb).mp3"
Oct 07 16:06 : player: played "Phonky/AFTERLIFE (Slowed+Reverb).mp3"
Oct 07 16:10 : player: played "Phonky/AFTERLIFE (Slowed+Reverb).mp3"
Oct 07 16:14 : player: played "Phonky/AFTERLIFE (Slowed+Reverb).mp3"
Oct 07 16:17 : player: played "Phonky/AFTERLIFE (Slowed+Reverb).mp3"
Oct 07 16:19 : player: played "Phonky/AFTERLIFE (Slowed+Reverb).mp3"
Oct 10 06:11 : player: played "Phonky/AFTERLIFE (Slowed+Reverb).mp3"
Oct 10 06:11 : player: played "Phonky/AFTERLIFE (Slowed+Reverb).mp3"
Oct 10 06:11 : player: played "Phonky/AFTERLIFE (Slowed+Reverb).mp3"
WARNING: Unhandled message: interface=org.freedesktop.DBus, path=/org/freedesktop/DBus, member=ActivatableServicesChanged
WARNING: Unhandled message: interface=org.freedesktop.DBus, path=/org/freedesktop/DBus, member=ActivatableServicesChanged
WARNING: Unhandled message: interface=org.freedesktop.DBus, path=/org/freedesktop/DBus, member=ActivatableServicesChanged
WARNING: Unhandled message: interface=org.freedesktop.DBus, path=/org/freedesktop/DBus, member=ActivatableServicesChanged
WARNING: Unhandled message: interface=org.freedesktop.DBus, path=/org/freedesktop/DBus, member=ActivatableServicesChanged
WARNING: Unhandled message: interface=org.freedesktop.DBus, path=/org/freedesktop/DBus, member=ActivatableServicesChanged
WARNING: Unhandled message: interface=org.freedesktop.DBus, path=/org/freedesktop/DBus, member=ActivatableServicesChanged
WARNING: Unhandled message: interface=org.freedesktop.DBus, path=/org/freedesktop/DBus, member=ActivatableServicesChanged
WARNING: Unhandled message: interface=org.freedesktop.DBus, path=/org/freedesktop/DBus, member=ActivatableServicesChanged
WARNING: Unhandled message: interface=org.freedesktop.DBus, path=/org/freedesktop/DBus, member=ActivatableServicesChanged
WARNING: Unhandled message: interface=org.freedesktop.DBus, path=/org/freedesktop/DBus, member=ActivatableServicesChanged
WARNING: Unhandled message: interface=org.freedesktop.DBus, path=/org/freedesktop/DBus, member=ActivatableServicesChanged
WARNING: Unhandled message: interface=org.freedesktop.DBus, path=/org/freedesktop/DBus, member=ActivatableServicesChanged
WARNING: Unhandled message: interface=org.freedesktop.DBus, path=/org/freedesktop/DBus, member=ActivatableServicesChanged
WARNING: Unhandled message: interface=org.freedesktop.DBus, path=/org/freedesktop/DBus, member=ActivatableServicesChanged
WARNING: Unhandled message: interface=org.freedesktop.DBus, path=/org/freedesktop/DBus, member=ActivatableServicesChanged
WARNING: Unhandled message: interface=org.freedesktop.DBus, path=/org/freedesktop/DBus, member=ActivatableServicesChanged
Oct 10 13:54 : player: played "Phonky/AFTERLIFE (Slowed+Reverb).mp3"
Oct 10 13:58 : player: played "Phonky/AFTERLIFE (Slowed+Reverb).mp3"
Oct 10 14:02 : player: played "Phonky/AFTERLIFE (Slowed+Reverb).mp3"
Oct 10 14:09 : player: played "Phonky/AFTERLIFE (Slowed+Reverb).mp3"
Oct 10 14:13 : player: played "Phonky/AFTERLIFE (Slowed+Reverb).mp3"
Oct 10 14:16 : player: played "Phonky/AFTERLIFE (Slowed+Reverb).mp3"
Oct 10 14:20 : player: played "Phonky/AFTERLIFE (Slowed+Reverb).mp3"
Oct 10 14:24 : player: played "Phonky/AFTERLIFE (Slowed+Reverb).mp3"
Oct 10 14:27 : player: played "Phonky/AFTERLIFE (Slowed+Reverb).mp3"
Oct 10 14:28 : player: played "Phonky/AFTERLIFE (Slowed+Reverb).mp3"
Oct 10 14:32 : player: played "CrazyMilosh.mp3"
Oct 10 17:16 : player: played "CrazyMilosh.mp3"
Oct 10 17:20 : player: played "Phonky/AFTERLIFE (Slowed+Reverb).mp3"
Oct 10 17:23 : player: played "Phonky/AFTERLIFE (Slowed+Reverb).mp3"
Oct 10 17:27 : player: played "Phonky/AFTERLIFE (Slowed+Reverb).mp3"
Oct 10 17:30 : player: played "Phonky/AFTERLIFE (Slowed+Reverb).mp3"
Oct 10 18:22 : player: played "Phonky/AFTERLIFE (Slowed+Reverb).mp3"
Oct 10 18:26 : player: played "Phonky/AFTERLIFE (Slowed+Reverb).mp3"
Oct 10 18:28 : player: played "Phonky/AFTERLIFE (Slowed+Reverb).mp3"
Oct 13 20:04 : player: played "Phonky/AFTERLIFE (Slowed+Reverb).mp3"
Oct 13 20:05 : update: added Team Fortress 2/Mercenary Park - Smash Bros.mp3
Oct 13 20:05 : update: added Evan-Fong/Evan Fong - Miss Melancholy.mp3
Oct 13 20:05 : update: removing Uma Musume/BACK2BACK (Slowed).mp3
Oct 13 20:05 : update: added Uma Musume/Uma Uma Uma - Uma Musume Pretty Derby.mp3
Oct 13 20:05 : update: added Uma Musume/PrixDeLArc.mp3
Oct 13 20:05 : update: added Memes/HachimiTeio.mp3
Oct 13 20:05 : update: added Memes/GolshiComment.mp3
Oct 13 20:05 : update: added Memes/Chumimi.mp3
Oct 13 20:05 : update: added Memes/Uma Musume - Campaign.mp3
Oct 13 20:05 : update: added Memes/Golshispam.mp3
Oct 13 20:05 : update: added Memes/Golshicomm.mp3
Oct 13 20:05 : update: added SFX/sealmusic.mp3
Oct 13 20:05 : update: added Other/Bakushin.mp3
Oct 13 20:05 : update: added Other/Goldshipcomm.mp3
Oct 13 20:05 : update: added Other/Manuel - GAS GAS GAS.mp3
Oct 13 20:05 : update: added Other/TESTZ.mp3
Oct 13 20:05 : update: added Phonky/BACK2BACK (Slowed).mp3
Oct 13 20:05 : update: added Random/HorribleSwine.mp3
Oct 13 20:05 : update: added Amine/Johnny Joestar's Theme - FHM.mp3
Oct 13 20:05 : update: added Amine/Kawaii Kaiwai - PiKi.mp3
Oct 13 20:06 : player: played "Phonky/AFTERLIFE (Slowed+Reverb).mp3"
Oct 13 20:09 : player: played "Phonky/AFTERLIFE (Slowed+Reverb).mp3"
Oct 13 20:23 : update: added Amine/Get No Satisfied! OPM - Season 3.mp3
Oct 13 20:33 : update: updating Amine/Get No Satisfied! OPM - Season 3.mp3
Oct 13 20:36 : player: played "Amine/Get No Satisfied! OPM - Season 3.mp3"
Oct 13 20:37 : player: played "Phonky/AFTERLIFE (Slowed+Reverb).mp3"
Oct 14 06:03 : player: played "Phonky/AFTERLIFE (Slowed+Reverb).mp3"
Oct 14 13:27 : player: played "Phonky/AFTERLIFE (Slowed+Reverb).mp3"
Oct 14 13:30 : player: played "Phonky/AFTERLIFE (Slowed+Reverb).mp3"
Oct 14 13:34 : player: played "Phonky/AFTERLIFE (Slowed+Reverb).mp3"
Oct 14 13:38 : player: played "Phonky/AFTERLIFE (Slowed+Reverb).mp3"
Oct 14 13:42 : player: played "Phonky/AFTERLIFE (Slowed+Reverb).mp3"
Oct 14 13:46 : player: played "Phonky/AFTERLIFE (Slowed+Reverb).mp3"
Oct 14 13:49 : player: played "Phonky/AFTERLIFE (Slowed+Reverb).mp3"
Oct 14 13:53 : player: played "Phonky/AFTERLIFE (Slowed+Reverb).mp3"
WARNING: Unhandled message: interface=org.freedesktop.DBus, path=/org/freedesktop/DBus, member=ActivatableServicesChanged
WARNING: Unhandled message: interface=org.freedesktop.DBus, path=/org/freedesktop/DBus, member=ActivatableServicesChanged
WARNING: Unhandled message: interface=org.freedesktop.DBus, path=/org/freedesktop/DBus, member=ActivatableServicesChanged
WARNING: Unhandled message: interface=org.freedesktop.DBus, path=/org/freedesktop/DBus, member=ActivatableServicesChanged
WARNING: Unhandled message: interface=org.freedesktop.DBus, path=/org/freedesktop/DBus, member=ActivatableServicesChanged
WARNING: Unhandled message: interface=org.freedesktop.DBus, path=/org/freedesktop/DBus, member=ActivatableServicesChanged
WARNING: Unhandled message: interface=org.freedesktop.DBus, path=/org/freedesktop/DBus, member=ActivatableServicesChanged
WARNING: Unhandled message: interface=org.freedesktop.DBus, path=/org/freedesktop/DBus, member=ActivatableServicesChanged
WARNING: Unhandled message: interface=org.freedesktop.DBus, path=/org/freedesktop/DBus, member=ActivatableServicesChanged
WARNING: Unhandled message: interface=org.freedesktop.DBus, path=/org/freedesktop/DBus, member=ActivatableServicesChanged
WARNING: Unhandled message: interface=org.freedesktop.DBus, path=/org/freedesktop/DBus, member=ActivatableServicesChanged
WARNING: Unhandled message: interface=org.freedesktop.DBus, path=/org/freedesktop/DBus, member=ActivatableServicesChanged
WARNING: Unhandled message: interface=org.freedesktop.DBus, path=/org/freedesktop/DBus, member=ActivatableServicesChanged
WARNING: Unhandled message: interface=org.freedesktop.DBus, path=/org/freedesktop/DBus, member=ActivatableServicesChanged
WARNING: Unhandled message: interface=org.freedesktop.DBus, path=/org/freedesktop/DBus, member=ActivatableServicesChanged
WARNING: Unhandled message: interface=org.freedesktop.DBus, path=/org/freedesktop/DBus, member=ActivatableServicesChanged
WARNING: Unhandled message: interface=org.freedesktop.DBus, path=/org/freedesktop/DBus, member=ActivatableServicesChanged
WARNING: Unhandled message: interface=org.freedesktop.DBus, path=/org/freedesktop/DBus, member=ActivatableServicesChanged
WARNING: Unhandled message: interface=org.freedesktop.DBus, path=/org/freedesktop/DBus, member=ActivatableServicesChanged
WARNING: Unhandled message: interface=org.freedesktop.DBus, path=/org/freedesktop/DBus, member=ActivatableServicesChanged
WARNING: Unhandled message: interface=org.freedesktop.DBus, path=/org/freedesktop/DBus, member=ActivatableServicesChanged
Oct 14 13:57 : player: played "Phonky/AFTERLIFE (Slowed+Reverb).mp3"
Oct 14 14:01 : player: played "Phonky/AFTERLIFE (Slowed+Reverb).mp3"
Oct 14 14:04 : player: played "Phonky/AFTERLIFE (Slowed+Reverb).mp3"
Oct 14 14:08 : player: played "Phonky/AFTERLIFE (Slowed+Reverb).mp3"
Oct 14 14:12 : player: played "Phonky/AFTERLIFE (Slowed+Reverb).mp3"
Oct 14 14:16 : player: played "Phonky/AFTERLIFE (Slowed+Reverb).mp3"
Oct 14 14:20 : player: played "Phonky/AFTERLIFE (Slowed+Reverb).mp3"
Oct 14 14:21 : player: played "Phonky/AFTERLIFE (Slowed+Reverb).mp3"
Oct 16 05:58 : player: played "Phonky/AFTERLIFE (Slowed+Reverb).mp3"
Oct 16 06:02 : player: played "Phonky/AFTERLIFE (Slowed+Reverb).mp3"
Oct 16 06:06 : player: played "Phonky/AFTERLIFE (Slowed+Reverb).mp3"
Oct 16 06:10 : player: played "Phonky/AFTERLIFE (Slowed+Reverb).mp3"
Oct 16 14:49 : player: played "Phonky/AFTERLIFE (Slowed+Reverb).mp3"
Oct 16 14:50 : player: played "Phonky/AFTERLIFE (Slowed+Reverb).mp3"
Oct 16 14:54 : player: played "Phonky/AFTERLIFE (Slowed+Reverb).mp3"
Oct 16 14:58 : player: played "Phonky/AFTERLIFE (Slowed+Reverb).mp3"
Oct 16 15:02 : player: played "Phonky/AFTERLIFE (Slowed+Reverb).mp3"
Oct 16 15:05 : player: played "Phonky/AFTERLIFE (Slowed+Reverb).mp3"
Oct 16 15:09 : player: played "Phonky/AFTERLIFE (Slowed+Reverb).mp3"
Oct 16 15:13 : player: played "Phonky/AFTERLIFE (Slowed+Reverb).mp3"
